Using pre-set license
Built from '2020.3/staging' branch; Version is '2020.3.19f1 (68f137dc9bbe) revision 6877495'; Using compiler version '192528614'; Build Type 'Release'
OS: 'Windows 10 Enterprise 2016 LTSB; OS build 14393.4704; Version 1607; 64bit' Language: 'es' Physical Memory: 16304 MB
BatchMode: 1, IsHumanControllingUs: 0, StartBugReporterOnCrash: 0, Is64bit: 1, IsPro: 0

COMMAND LINE ARGUMENTS:
C:\Program Files\Unity\Hub\Editor\2020.3.19f1\Editor\Unity.exe
-adb2
-batchMode
-noUpm
-name
AssetImportWorker0
-projectPath
D:/OCMIR/Proyecto FInal/Vectores_Ocmir_Salgado/Vectores
-logFile
Logs/AssetImportWorker0.log
-srvPort
50813
Successfully changed project path to: D:/OCMIR/Proyecto FInal/Vectores_Ocmir_Salgado/Vectores
D:/OCMIR/Proyecto FInal/Vectores_Ocmir_Salgado/Vectores
Using Asset Import Pipeline V2.
Refreshing native plugins compatible for Editor in 30.99 ms, found 2 plugins.
Preloading 0 native plugins for Editor in 0.00 ms.
Initialize engine version: 2020.3.19f1 (68f137dc9bbe)
[Subsystems] Discovering subsystems at path C:/Program Files/Unity/Hub/Editor/2020.3.19f1/Editor/Data/Resources/UnitySubsystems
[Subsystems] Discovering subsystems at path D:/OCMIR/Proyecto FInal/Vectores_Ocmir_Salgado/Vectores/Assets
GfxDevice: creating device client; threaded=0
Direct3D:
    Version:  Direct3D 11.0 [level 11.1]
    Renderer: NVIDIA GeForce GTX 1050 (ID=0x1c81)
    Vendor:   
    VRAM:     1977 MB
    Driver:   23.21.13.9135
Initialize mono
Mono path[0] = 'C:/Program Files/Unity/Hub/Editor/2020.3.19f1/Editor/Data/Managed'
Mono path[1] = 'C:/Program Files/Unity/Hub/Editor/2020.3.19f1/Editor/Data/MonoBleedingEdge/lib/mono/unityjit'
Mono config path = 'C:/Program Files/Unity/Hub/Editor/2020.3.19f1/Editor/Data/MonoBleedingEdge/etc'
Using monoOptions --debugger-agent=transport=dt_socket,embedding=1,server=y,suspend=n,address=127.0.0.1:56140
Begin MonoManager ReloadAssembly
Registering precompiled unity dll's ...
Register platform support module: C:/Program Files/Unity/Hub/Editor/2020.3.19f1/Editor/Data/PlaybackEngines/WindowsStandaloneSupport/UnityEditor.WindowsStandalone.Extensions.dll
Registered in 0.001565 seconds.
Native extension for WindowsStandalone target not found
Refreshing native plugins compatible for Editor in 31.78 ms, found 2 plugins.
Preloading 0 native plugins for Editor in 0.00 ms.
Mono: successfully reloaded assembly
- Completed reload, in  1.843 seconds
Domain Reload Profiling:
	ReloadAssembly (1843ms)
		BeginReloadAssembly (50ms)
			ExecutionOrderSort (0ms)
			DisableScriptedObjects (0ms)
			BackupInstance (0ms)
			ReleaseScriptingObjects (0ms)
			CreateAndSetChildDomain (1ms)
		EndReloadAssembly (403ms)
			LoadAssemblies (48ms)
			RebuildTransferFunctionScriptingTraits (0ms)
			SetupTypeCache (147ms)
			ReleaseScriptCaches (0ms)
			RebuildScriptCaches (29ms)
			SetupLoadedEditorAssemblies (159ms)
				LogAssemblyErrors (0ms)
				InitializePlatformSupportModulesInManaged (4ms)
				SetLoadedEditorAssemblies (0ms)
				RefreshPlugins (32ms)
				BeforeProcessingInitializeOnLoad (16ms)
				ProcessInitializeOnLoadAttributes (79ms)
				ProcessInitializeOnLoadMethodAttributes (27ms)
				AfterProcessingInitializeOnLoad (0ms)
				EditorAssembliesLoaded (0ms)
			ExecutionOrderSort2 (0ms)
			AwakeInstancesAfterBackupRestoration (0ms)
Platform modules already initialized, skipping
Registering precompiled user dll's ...
Registered in 0.002665 seconds.
Begin MonoManager ReloadAssembly
Native extension for WindowsStandalone target not found
Refreshing native plugins compatible for Editor in 0.37 ms, found 2 plugins.
Preloading 0 native plugins for Editor in 0.00 ms.
Mono: successfully reloaded assembly
- Completed reload, in  0.982 seconds
Domain Reload Profiling:
	ReloadAssembly (983ms)
		BeginReloadAssembly (138ms)
			ExecutionOrderSort (0ms)
			DisableScriptedObjects (4ms)
			BackupInstance (0ms)
			ReleaseScriptingObjects (0ms)
			CreateAndSetChildDomain (16ms)
		EndReloadAssembly (788ms)
			LoadAssemblies (80ms)
			RebuildTransferFunctionScriptingTraits (0ms)
			SetupTypeCache (268ms)
			ReleaseScriptCaches (0ms)
			RebuildScriptCaches (44ms)
			SetupLoadedEditorAssemblies (303ms)
				LogAssemblyErrors (0ms)
				InitializePlatformSupportModulesInManaged (4ms)
				SetLoadedEditorAssemblies (0ms)
				RefreshPlugins (0ms)
				BeforeProcessingInitializeOnLoad (73ms)
				ProcessInitializeOnLoadAttributes (215ms)
				ProcessInitializeOnLoadMethodAttributes (4ms)
				AfterProcessingInitializeOnLoad (6ms)
				EditorAssembliesLoaded (0ms)
			ExecutionOrderSort2 (0ms)
			AwakeInstancesAfterBackupRestoration (6ms)
Platform modules already initialized, skipping
========================================================================
Worker process is ready to serve import requests
Launched and connected shader compiler UnityShaderCompiler.exe after 0.05 seconds
Refreshing native plugins compatible for Editor in 0.35 ms, found 2 plugins.
Preloading 0 native plugins for Editor in 0.00 ms.
Unloading 1555 Unused Serialized files (Serialized files now loaded: 0)
System memory in use before: 70.5 MB.
System memory in use after: 70.6 MB.

Unloading 17 unused Assets to reduce memory usage. Loaded Objects now: 1991.
Total: 2.637940 ms (FindLiveObjects: 0.145351 ms CreateObjectMapping: 0.052338 ms MarkObjects: 2.354633 ms  DeleteObjects: 0.084196 ms)

AssetImportParameters requested are different than current active one (requested -> active):
  custom:framework-win-MediaFoundation: 216162199b28c13a410421893ffa2e32 -> 
  custom:video-decoder-ogg-theora: a1e56fd34408186e4bbccfd4996cb3dc -> 
  custom:container-muxer-webm: aa71ff27fc2769a1b78a27578f13a17b -> 
  custom:container-demuxer-webm: 4f35f7cbe854078d1ac9338744f61a02 -> 
  custom:container-demuxer-ogg: 62fdf1f143b41e24485cea50d1cbac27 -> 
  custom:video-encoder-webm-vp8: eb34c28f22e8b96e1ab97ce403110664 -> 
  custom:video-codec-MediaFoundation-h265: 55f8c8538cf0483ab7069ead6b737db2 -> 
  custom:video-decoder-webm-vp8: 9c59270c3fd7afecdb556c50c9e8de78 -> 
  custom:audio-decoder-ogg-vorbis: bf7c407c2cedff20999df2af8eb42d56 -> 
  custom:audio-encoder-webm-vorbis: bf7c407c2cedff20999df2af8eb42d56 -> 
========================================================================
Received Import Request.
  path: Assets/RDL/Security_Pack/Example_Scene/Main/ReflectionProbe-0.exr
  artifactKey: Guid(8e0f22e766eb54e209ec8aa14af90253) Importer(815301076,1909f56bfc062723c751e8b465ee728b)
Start importing Assets/RDL/Security_Pack/Example_Scene/Main/ReflectionProbe-0.exr using Guid(8e0f22e766eb54e209ec8aa14af90253) Importer(815301076,1909f56bfc062723c751e8b465ee728b)  -> (artifact id: '152def2e0a582c031e035ce003b6704e') in 0.270743 seconds 
  Import took 0.273048 seconds .

========================================================================
Received Prepare
Registering precompiled user dll's ...
Registered in 0.002115 seconds.
Begin MonoManager ReloadAssembly
Native extension for WindowsStandalone target not found
Refreshing native plugins compatible for Editor in 0.31 ms, found 2 plugins.
Preloading 0 native plugins for Editor in 0.00 ms.
Mono: successfully reloaded assembly
- Completed reload, in  0.998 seconds
Domain Reload Profiling:
	ReloadAssembly (999ms)
		BeginReloadAssembly (98ms)
			ExecutionOrderSort (0ms)
			DisableScriptedObjects (5ms)
			BackupInstance (0ms)
			ReleaseScriptingObjects (0ms)
			CreateAndSetChildDomain (30ms)
		EndReloadAssembly (842ms)
			LoadAssemblies (81ms)
			RebuildTransferFunctionScriptingTraits (0ms)
			SetupTypeCache (257ms)
			ReleaseScriptCaches (1ms)
			RebuildScriptCaches (41ms)
			SetupLoadedEditorAssemblies (369ms)
				LogAssemblyErrors (0ms)
				InitializePlatformSupportModulesInManaged (5ms)
				SetLoadedEditorAssemblies (0ms)
				RefreshPlugins (0ms)
				BeforeProcessingInitializeOnLoad (69ms)
				ProcessInitializeOnLoadAttributes (285ms)
				ProcessInitializeOnLoadMethodAttributes (4ms)
				AfterProcessingInitializeOnLoad (5ms)
				EditorAssembliesLoaded (0ms)
			ExecutionOrderSort2 (0ms)
			AwakeInstancesAfterBackupRestoration (6ms)
Platform modules already initialized, skipping
Refreshing native plugins compatible for Editor in 0.35 ms, found 2 plugins.
Preloading 0 native plugins for Editor in 0.00 ms.
Unloading 1547 Unused Serialized files (Serialized files now loaded: 0)
System memory in use before: 73.5 MB.
System memory in use after: 73.6 MB.

Unloading 12 unused Assets to reduce memory usage. Loaded Objects now: 2025.
Total: 4.024608 ms (FindLiveObjects: 0.150187 ms CreateObjectMapping: 0.052053 ms MarkObjects: 3.789657 ms  DeleteObjects: 0.030436 ms)

AssetImportParameters requested are different than current active one (requested -> active):
  custom:framework-win-MediaFoundation: 216162199b28c13a410421893ffa2e32 -> 
  custom:video-decoder-ogg-theora: a1e56fd34408186e4bbccfd4996cb3dc -> 
  custom:container-muxer-webm: aa71ff27fc2769a1b78a27578f13a17b -> 
  custom:container-demuxer-webm: 4f35f7cbe854078d1ac9338744f61a02 -> 
  custom:container-demuxer-ogg: 62fdf1f143b41e24485cea50d1cbac27 -> 
  custom:video-encoder-webm-vp8: eb34c28f22e8b96e1ab97ce403110664 -> 
  custom:video-codec-MediaFoundation-h265: 55f8c8538cf0483ab7069ead6b737db2 -> 
  custom:video-decoder-webm-vp8: 9c59270c3fd7afecdb556c50c9e8de78 -> 
  custom:audio-decoder-ogg-vorbis: bf7c407c2cedff20999df2af8eb42d56 -> 
  custom:audio-encoder-webm-vorbis: bf7c407c2cedff20999df2af8eb42d56 -> 
========================================================================
Received Prepare
Registering precompiled user dll's ...
Registered in 0.006248 seconds.
Begin MonoManager ReloadAssembly
Native extension for WindowsStandalone target not found
Refreshing native plugins compatible for Editor in 0.90 ms, found 2 plugins.
Preloading 0 native plugins for Editor in 0.00 ms.
Mono: successfully reloaded assembly
- Completed reload, in  2.706 seconds
Domain Reload Profiling:
	ReloadAssembly (2707ms)
		BeginReloadAssembly (266ms)
			ExecutionOrderSort (0ms)
			DisableScriptedObjects (14ms)
			BackupInstance (0ms)
			ReleaseScriptingObjects (0ms)
			CreateAndSetChildDomain (77ms)
		EndReloadAssembly (2246ms)
			LoadAssemblies (242ms)
			RebuildTransferFunctionScriptingTraits (0ms)
			SetupTypeCache (762ms)
			ReleaseScriptCaches (2ms)
			RebuildScriptCaches (114ms)
			SetupLoadedEditorAssemblies (876ms)
				LogAssemblyErrors (0ms)
				InitializePlatformSupportModulesInManaged (13ms)
				SetLoadedEditorAssemblies (2ms)
				RefreshPlugins (1ms)
				BeforeProcessingInitializeOnLoad (174ms)
				ProcessInitializeOnLoadAttributes (660ms)
				ProcessInitializeOnLoadMethodAttributes (10ms)
				AfterProcessingInitializeOnLoad (16ms)
				EditorAssembliesLoaded (1ms)
			ExecutionOrderSort2 (0ms)
			AwakeInstancesAfterBackupRestoration (17ms)
Platform modules already initialized, skipping
Refreshing native plugins compatible for Editor in 0.38 ms, found 2 plugins.
Preloading 0 native plugins for Editor in 0.00 ms.
Unloading 1547 Unused Serialized files (Serialized files now loaded: 0)
System memory in use before: 73.5 MB.
System memory in use after: 73.6 MB.

Unloading 12 unused Assets to reduce memory usage. Loaded Objects now: 2027.
Total: 6.807615 ms (FindLiveObjects: 0.352996 ms CreateObjectMapping: 0.157867 ms MarkObjects: 6.277410 ms  DeleteObjects: 0.017636 ms)

AssetImportParameters requested are different than current active one (requested -> active):
  custom:framework-win-MediaFoundation: 216162199b28c13a410421893ffa2e32 -> 
  custom:video-decoder-ogg-theora: a1e56fd34408186e4bbccfd4996cb3dc -> 
  custom:container-muxer-webm: aa71ff27fc2769a1b78a27578f13a17b -> 
  custom:container-demuxer-webm: 4f35f7cbe854078d1ac9338744f61a02 -> 
  custom:container-demuxer-ogg: 62fdf1f143b41e24485cea50d1cbac27 -> 
  custom:video-encoder-webm-vp8: eb34c28f22e8b96e1ab97ce403110664 -> 
  custom:video-codec-MediaFoundation-h265: 55f8c8538cf0483ab7069ead6b737db2 -> 
  custom:video-decoder-webm-vp8: 9c59270c3fd7afecdb556c50c9e8de78 -> 
  custom:audio-decoder-ogg-vorbis: bf7c407c2cedff20999df2af8eb42d56 -> 
  custom:audio-encoder-webm-vorbis: bf7c407c2cedff20999df2af8eb42d56 -> 
========================================================================
Received Prepare
Registering precompiled user dll's ...
Registered in 0.002298 seconds.
Begin MonoManager ReloadAssembly
Native extension for WindowsStandalone target not found
Refreshing native plugins compatible for Editor in 0.33 ms, found 2 plugins.
Preloading 0 native plugins for Editor in 0.00 ms.
Mono: successfully reloaded assembly
- Completed reload, in  1.487 seconds
Domain Reload Profiling:
	ReloadAssembly (1488ms)
		BeginReloadAssembly (140ms)
			ExecutionOrderSort (0ms)
			DisableScriptedObjects (7ms)
			BackupInstance (0ms)
			ReleaseScriptingObjects (0ms)
			CreateAndSetChildDomain (48ms)
		EndReloadAssembly (1254ms)
			LoadAssemblies (129ms)
			RebuildTransferFunctionScriptingTraits (0ms)
			SetupTypeCache (421ms)
			ReleaseScriptCaches (1ms)
			RebuildScriptCaches (65ms)
			SetupLoadedEditorAssemblies (488ms)
				LogAssemblyErrors (0ms)
				InitializePlatformSupportModulesInManaged (7ms)
				SetLoadedEditorAssemblies (1ms)
				RefreshPlugins (0ms)
				BeforeProcessingInitializeOnLoad (106ms)
				ProcessInitializeOnLoadAttributes (358ms)
				ProcessInitializeOnLoadMethodAttributes (6ms)
				AfterProcessingInitializeOnLoad (8ms)
				EditorAssembliesLoaded (0ms)
			ExecutionOrderSort2 (0ms)
			AwakeInstancesAfterBackupRestoration (10ms)
Platform modules already initialized, skipping
Refreshing native plugins compatible for Editor in 0.41 ms, found 2 plugins.
Preloading 0 native plugins for Editor in 0.00 ms.
Unloading 1547 Unused Serialized files (Serialized files now loaded: 0)
System memory in use before: 73.6 MB.
System memory in use after: 73.7 MB.

Unloading 12 unused Assets to reduce memory usage. Loaded Objects now: 2029.
Total: 3.886368 ms (FindLiveObjects: 0.155876 ms CreateObjectMapping: 0.079645 ms MarkObjects: 3.617568 ms  DeleteObjects: 0.031573 ms)

AssetImportParameters requested are different than current active one (requested -> active):
  custom:framework-win-MediaFoundation: 216162199b28c13a410421893ffa2e32 -> 
  custom:video-decoder-ogg-theora: a1e56fd34408186e4bbccfd4996cb3dc -> 
  custom:container-muxer-webm: aa71ff27fc2769a1b78a27578f13a17b -> 
  custom:container-demuxer-webm: 4f35f7cbe854078d1ac9338744f61a02 -> 
  custom:container-demuxer-ogg: 62fdf1f143b41e24485cea50d1cbac27 -> 
  custom:video-encoder-webm-vp8: eb34c28f22e8b96e1ab97ce403110664 -> 
  custom:video-codec-MediaFoundation-h265: 55f8c8538cf0483ab7069ead6b737db2 -> 
  custom:video-decoder-webm-vp8: 9c59270c3fd7afecdb556c50c9e8de78 -> 
  custom:audio-decoder-ogg-vorbis: bf7c407c2cedff20999df2af8eb42d56 -> 
  custom:audio-encoder-webm-vorbis: bf7c407c2cedff20999df2af8eb42d56 -> 
========================================================================
Received Import Request.
  Time since last request: 3834.787508 seconds.
  path: Assets/Models/Materials/Screen.mat
  artifactKey: Guid(6a27e3bd459bf40479f0cd66801a1c42) Importer(815301076,1909f56bfc062723c751e8b465ee728b)
Start importing Assets/Models/Materials/Screen.mat using Guid(6a27e3bd459bf40479f0cd66801a1c42) Importer(815301076,1909f56bfc062723c751e8b465ee728b)  -> (artifact id: '0adcc042944929c2efeaeb0cf116956b') in 0.112413 seconds 
  Import took 0.115378 seconds .

========================================================================
Received Prepare
Registering precompiled user dll's ...
Registered in 0.002216 seconds.
Begin MonoManager ReloadAssembly
Native extension for WindowsStandalone target not found
Refreshing native plugins compatible for Editor in 0.32 ms, found 2 plugins.
Preloading 0 native plugins for Editor in 0.00 ms.
Mono: successfully reloaded assembly
- Completed reload, in  0.913 seconds
Domain Reload Profiling:
	ReloadAssembly (914ms)
		BeginReloadAssembly (98ms)
			ExecutionOrderSort (0ms)
			DisableScriptedObjects (4ms)
			BackupInstance (0ms)
			ReleaseScriptingObjects (0ms)
			CreateAndSetChildDomain (30ms)
		EndReloadAssembly (757ms)
			LoadAssemblies (83ms)
			RebuildTransferFunctionScriptingTraits (0ms)
			SetupTypeCache (265ms)
			ReleaseScriptCaches (2ms)
			RebuildScriptCaches (40ms)
			SetupLoadedEditorAssemblies (277ms)
				LogAssemblyErrors (0ms)
				InitializePlatformSupportModulesInManaged (5ms)
				SetLoadedEditorAssemblies (0ms)
				RefreshPlugins (0ms)
				BeforeProcessingInitializeOnLoad (67ms)
				ProcessInitializeOnLoadAttributes (195ms)
				ProcessInitializeOnLoadMethodAttributes (4ms)
				AfterProcessingInitializeOnLoad (6ms)
				EditorAssembliesLoaded (0ms)
			ExecutionOrderSort2 (0ms)
			AwakeInstancesAfterBackupRestoration (7ms)
Platform modules already initialized, skipping
Refreshing native plugins compatible for Editor in 0.32 ms, found 2 plugins.
Preloading 0 native plugins for Editor in 0.00 ms.
Unloading 1547 Unused Serialized files (Serialized files now loaded: 0)
System memory in use before: 73.6 MB.
System memory in use after: 73.7 MB.

Unloading 12 unused Assets to reduce memory usage. Loaded Objects now: 2042.
Total: 2.501407 ms (FindLiveObjects: 0.149902 ms CreateObjectMapping: 0.051200 ms MarkObjects: 2.284091 ms  DeleteObjects: 0.014791 ms)

AssetImportParameters requested are different than current active one (requested -> active):
  custom:framework-win-MediaFoundation: 216162199b28c13a410421893ffa2e32 -> 
  custom:video-decoder-ogg-theora: a1e56fd34408186e4bbccfd4996cb3dc -> 
  custom:container-muxer-webm: aa71ff27fc2769a1b78a27578f13a17b -> 
  custom:container-demuxer-webm: 4f35f7cbe854078d1ac9338744f61a02 -> 
  custom:container-demuxer-ogg: 62fdf1f143b41e24485cea50d1cbac27 -> 
  custom:video-encoder-webm-vp8: eb34c28f22e8b96e1ab97ce403110664 -> 
  custom:video-codec-MediaFoundation-h265: 55f8c8538cf0483ab7069ead6b737db2 -> 
  custom:video-decoder-webm-vp8: 9c59270c3fd7afecdb556c50c9e8de78 -> 
  custom:audio-decoder-ogg-vorbis: bf7c407c2cedff20999df2af8eb42d56 -> 
  custom:audio-encoder-webm-vorbis: bf7c407c2cedff20999df2af8eb42d56 -> 
========================================================================
Received Import Request.
  Time since last request: 162.786145 seconds.
  path: Assets/StreetLightsPack/SimpleSettings.lighting
  artifactKey: Guid(9d4672a9c09150341a7a8eac5e0d95c2) Importer(815301076,1909f56bfc062723c751e8b465ee728b)
Start importing Assets/StreetLightsPack/SimpleSettings.lighting using Guid(9d4672a9c09150341a7a8eac5e0d95c2) Importer(815301076,1909f56bfc062723c751e8b465ee728b) LightingSettings: switching bake backend from 1 to 0.
 -> (artifact id: '06b7f1337e12cd61db50d5c5bfb4c7dd') in 0.019927 seconds 
  Import took 0.023347 seconds .

========================================================================
Received Import Request.
  Time since last request: 5.026652 seconds.
  path: Assets/StreetLightsPack/Simple.unity
  artifactKey: Guid(0d5af3527d727fd479e4a6658bdf2282) Importer(815301076,1909f56bfc062723c751e8b465ee728b)
Start importing Assets/StreetLightsPack/Simple.unity using Guid(0d5af3527d727fd479e4a6658bdf2282) Importer(815301076,1909f56bfc062723c751e8b465ee728b)  -> (artifact id: 'd7f9d061b898c9a5605841c5f0317047') in 0.011455 seconds 
  Import took 0.013806 seconds .

========================================================================
Received Import Request.
  Time since last request: 8.393854 seconds.
  path: Assets/StreetLightsPack/Other
  artifactKey: Guid(55adefd8d2fc10044976cc97040e9c63) Importer(815301076,1909f56bfc062723c751e8b465ee728b)
Start importing Assets/StreetLightsPack/Other using Guid(55adefd8d2fc10044976cc97040e9c63) Importer(815301076,1909f56bfc062723c751e8b465ee728b)  -> (artifact id: '33cc20a01256b232da5c77a9515a90e1') in 0.009507 seconds 
  Import took 0.011876 seconds .

========================================================================
Received Import Request.
  Time since last request: 1.022592 seconds.
  path: Assets/StreetLightsPack/Other/Ground.jpg
  artifactKey: Guid(59e56bb1d8ecfec4daf7a79d358016e9) Importer(815301076,1909f56bfc062723c751e8b465ee728b)
Start importing Assets/StreetLightsPack/Other/Ground.jpg using Guid(59e56bb1d8ecfec4daf7a79d358016e9) Importer(815301076,1909f56bfc062723c751e8b465ee728b)  -> (artifact id: '24b79eafb604a10b8d91b3b0f8593f5a') in 0.032084 seconds 
  Import took 0.034699 seconds .

========================================================================
Received Import Request.
  Time since last request: 1.233948 seconds.
  path: Assets/StreetLightsPack/Other/Materials
  artifactKey: Guid(0f32af6cf01712046992a8e59221fdd7) Importer(815301076,1909f56bfc062723c751e8b465ee728b)
Start importing Assets/StreetLightsPack/Other/Materials using Guid(0f32af6cf01712046992a8e59221fdd7) Importer(815301076,1909f56bfc062723c751e8b465ee728b)  -> (artifact id: '30d39bf0596eee085a6e11c6880a928f') in 0.008259 seconds 
  Import took 0.010794 seconds .

========================================================================
Received Import Request.
  Time since last request: 0.084132 seconds.
  path: Assets/StreetLightsPack/Other/Materials/Ground.mat
  artifactKey: Guid(7ec93fe2625326a4ba440d83dbca0f16) Importer(815301076,1909f56bfc062723c751e8b465ee728b)
Start importing Assets/StreetLightsPack/Other/Materials/Ground.mat using Guid(7ec93fe2625326a4ba440d83dbca0f16) Importer(815301076,1909f56bfc062723c751e8b465ee728b)  -> (artifact id: 'f8d1817fe29525d8f21b2aa14904f5b2') in 0.054496 seconds 
  Import took 0.057368 seconds .

========================================================================
Received Import Request.
  Time since last request: 5.487304 seconds.
  path: Assets/StreetLightsPack/Models/StreetLights1
  artifactKey: Guid(7bca727a62109144ca2351aadabc666f) Importer(815301076,1909f56bfc062723c751e8b465ee728b)
Start importing Assets/StreetLightsPack/Models/StreetLights1 using Guid(7bca727a62109144ca2351aadabc666f) Importer(815301076,1909f56bfc062723c751e8b465ee728b)  -> (artifact id: '11bc7a4670487e00109644abad7b937c') in 0.007432 seconds 
  Import took 0.009810 seconds .

========================================================================
Received Import Request.
  Time since last request: 0.081886 seconds.
  path: Assets/StreetLightsPack/Models/StreetLights1/StreetLights1.FBX
  artifactKey: Guid(72c93e4f187cc614291429b3f1d40f35) Importer(815301076,1909f56bfc062723c751e8b465ee728b)
Start importing Assets/StreetLightsPack/Models/StreetLights1/StreetLights1.FBX using Guid(72c93e4f187cc614291429b3f1d40f35) Importer(815301076,1909f56bfc062723c751e8b465ee728b)  -> (artifact id: '2d41a5d773b9381ddd7a8571b8b9c323') in 0.345494 seconds 
  Import took 0.349680 seconds .

========================================================================
Received Import Request.
  Time since last request: 3.614756 seconds.
  path: Assets/StreetLightsPack/Models/StreetLights1/Materials
  artifactKey: Guid(958d3775a6e83744c9fbc605594b57af) Importer(815301076,1909f56bfc062723c751e8b465ee728b)
Start importing Assets/StreetLightsPack/Models/StreetLights1/Materials using Guid(958d3775a6e83744c9fbc605594b57af) Importer(815301076,1909f56bfc062723c751e8b465ee728b)  -> (artifact id: '8fdc2e51ac116eecf81276fd26481544') in 0.003542 seconds 
  Import took 0.006211 seconds .

========================================================================
Received Import Request.
  Time since last request: 0.076289 seconds.
  path: Assets/StreetLightsPack/Models/StreetLights1/Materials/mat1.mat
  artifactKey: Guid(172d0a91065094f46881bb2eba57e4a5) Importer(815301076,1909f56bfc062723c751e8b465ee728b)
Start importing Assets/StreetLightsPack/Models/StreetLights1/Materials/mat1.mat using Guid(172d0a91065094f46881bb2eba57e4a5) Importer(815301076,1909f56bfc062723c751e8b465ee728b)  -> (artifact id: 'a36ae2d3304e541069614cd3666f0668') in 0.012898 seconds 
  Import took 0.015451 seconds .

========================================================================
Received Import Request.
  Time since last request: 0.000265 seconds.
  path: Assets/StreetLightsPack/Models/StreetLights1/Materials/mat12.mat
  artifactKey: Guid(942181f2f5cbb9a48bcfbf77713968b3) Importer(815301076,1909f56bfc062723c751e8b465ee728b)
Start importing Assets/StreetLightsPack/Models/StreetLights1/Materials/mat12.mat using Guid(942181f2f5cbb9a48bcfbf77713968b3) Importer(815301076,1909f56bfc062723c751e8b465ee728b)  -> (artifact id: 'c4de8dc31e9222af891c47379e86bac2') in 0.011305 seconds 
  Import took 0.013860 seconds .

========================================================================
Received Import Request.
  Time since last request: 0.000281 seconds.
  path: Assets/StreetLightsPack/Models/StreetLights1/Materials/mat9.mat
  artifactKey: Guid(eb8e6e2e2f2cd0d4c9a999b43308ccd3) Importer(815301076,1909f56bfc062723c751e8b465ee728b)
Start importing Assets/StreetLightsPack/Models/StreetLights1/Materials/mat9.mat using Guid(eb8e6e2e2f2cd0d4c9a999b43308ccd3) Importer(815301076,1909f56bfc062723c751e8b465ee728b)  -> (artifact id: 'f3c10ea3a7685b08ab0f4d2b9ab821bb') in 0.011032 seconds 
  Import took 0.013346 seconds .

========================================================================
Received Import Request.
  Time since last request: 0.000156 seconds.
  path: Assets/StreetLightsPack/Models/StreetLights1/Materials/mat10.mat
  artifactKey: Guid(7efedb818b30d034f913856a7681adbf) Importer(815301076,1909f56bfc062723c751e8b465ee728b)
Start importing Assets/StreetLightsPack/Models/StreetLights1/Materials/mat10.mat using Guid(7efedb818b30d034f913856a7681adbf) Importer(815301076,1909f56bfc062723c751e8b465ee728b)  -> (artifact id: '61b2634ac2bd889b73a418b3ad8c6753') in 0.010476 seconds 
  Import took 0.012864 seconds .

========================================================================
Received Import Request.
  Time since last request: 0.000157 seconds.
  path: Assets/StreetLightsPack/Models/StreetLights1/Materials/mat4.mat
  artifactKey: Guid(1a6072841a9959243a0dece139196933) Importer(815301076,1909f56bfc062723c751e8b465ee728b)
Start importing Assets/StreetLightsPack/Models/StreetLights1/Materials/mat4.mat using Guid(1a6072841a9959243a0dece139196933) Importer(815301076,1909f56bfc062723c751e8b465ee728b)  -> (artifact id: '51005ed3ef01ce396ba49b46f1c22943') in 0.010640 seconds 
  Import took 0.012942 seconds .

========================================================================
Received Import Request.
  Time since last request: 0.000152 seconds.
  path: Assets/StreetLightsPack/Models/StreetLights1/Materials/mat11.mat
  artifactKey: Guid(5c52223eba37841409e1c3919d574e81) Importer(815301076,1909f56bfc062723c751e8b465ee728b)
Start importing Assets/StreetLightsPack/Models/StreetLights1/Materials/mat11.mat using Guid(5c52223eba37841409e1c3919d574e81) Importer(815301076,1909f56bfc062723c751e8b465ee728b)  -> (artifact id: '139fd317414ff9a1fa34e315e2d7d4d3') in 0.010820 seconds 
  Import took 0.013142 seconds .

========================================================================
Received Import Request.
  Time since last request: 0.000155 seconds.
  path: Assets/StreetLightsPack/Models/StreetLights1/Materials/mat13.mat
  artifactKey: Guid(00a8bbb130f7e3845b7b670deaabef03) Importer(815301076,1909f56bfc062723c751e8b465ee728b)
Start importing Assets/StreetLightsPack/Models/StreetLights1/Materials/mat13.mat using Guid(00a8bbb130f7e3845b7b670deaabef03) Importer(815301076,1909f56bfc062723c751e8b465ee728b)  -> (artifact id: 'add375cc657d8bcaca74bba5f2c58799') in 0.011339 seconds 
  Import took 0.013691 seconds .

========================================================================
Received Import Request.
  Time since last request: 0.000159 seconds.
  path: Assets/StreetLightsPack/Models/StreetLights1/Materials/mat14.mat
  artifactKey: Guid(1fb6f4558d226ad4eb6254a93e49a2fb) Importer(815301076,1909f56bfc062723c751e8b465ee728b)
Start importing Assets/StreetLightsPack/Models/StreetLights1/Materials/mat14.mat using Guid(1fb6f4558d226ad4eb6254a93e49a2fb) Importer(815301076,1909f56bfc062723c751e8b465ee728b)  -> (artifact id: 'c6a3ab5fe10a7e5a1717e256dd0f7fca') in 0.022964 seconds 
  Import took 0.025362 seconds .

========================================================================
Received Import Request.
  Time since last request: 0.000169 seconds.
  path: Assets/StreetLightsPack/Models/StreetLights1/Materials/mat15.mat
  artifactKey: Guid(843b1fb8a57e37f43a4dfdfd2fee5cdb) Importer(815301076,1909f56bfc062723c751e8b465ee728b)
Start importing Assets/StreetLightsPack/Models/StreetLights1/Materials/mat15.mat using Guid(843b1fb8a57e37f43a4dfdfd2fee5cdb) Importer(815301076,1909f56bfc062723c751e8b465ee728b)  -> (artifact id: '93d2d140284e34dd490eae53d1f1f5bb') in 0.016538 seconds 
  Import took 0.019035 seconds .

========================================================================
Received Import Request.
  Time since last request: 0.000170 seconds.
  path: Assets/StreetLightsPack/Models/StreetLights1/Materials/mat18.mat
  artifactKey: Guid(bedebf15fc4e5f84c8d2b9943ff4d679) Importer(815301076,1909f56bfc062723c751e8b465ee728b)
Start importing Assets/StreetLightsPack/Models/StreetLights1/Materials/mat18.mat using Guid(bedebf15fc4e5f84c8d2b9943ff4d679) Importer(815301076,1909f56bfc062723c751e8b465ee728b)  -> (artifact id: '0f48bc00bec4b51f8acf014dad6c69b8') in 0.010265 seconds 
  Import took 0.012714 seconds .

========================================================================
Received Import Request.
  Time since last request: 0.000152 seconds.
  path: Assets/StreetLightsPack/Models/StreetLights1/Materials/mat5.mat
  artifactKey: Guid(fabfc25a6d50e4740a656760f34dc4f3) Importer(815301076,1909f56bfc062723c751e8b465ee728b)
Start importing Assets/StreetLightsPack/Models/StreetLights1/Materials/mat5.mat using Guid(fabfc25a6d50e4740a656760f34dc4f3) Importer(815301076,1909f56bfc062723c751e8b465ee728b)  -> (artifact id: '1328e72e9c6f32cccadf9c88f0e6341f') in 0.011059 seconds 
  Import took 0.013370 seconds .

========================================================================
Received Import Request.
  Time since last request: 0.000164 seconds.
  path: Assets/StreetLightsPack/Models/StreetLights1/Materials/mat8.mat
  artifactKey: Guid(eb5866c475309e24ca426e1243f57031) Importer(815301076,1909f56bfc062723c751e8b465ee728b)
Start importing Assets/StreetLightsPack/Models/StreetLights1/Materials/mat8.mat using Guid(eb5866c475309e24ca426e1243f57031) Importer(815301076,1909f56bfc062723c751e8b465ee728b)  -> (artifact id: 'a39380cadf953e4ae04c44c73b385a68') in 0.010235 seconds 
  Import took 0.012605 seconds .

========================================================================
Received Import Request.
  Time since last request: 0.000150 seconds.
  path: Assets/StreetLightsPack/Models/StreetLights1/Materials/mat2.mat
  artifactKey: Guid(0ed58da6df81cc94896a5e65ecc91f30) Importer(815301076,1909f56bfc062723c751e8b465ee728b)
Start importing Assets/StreetLightsPack/Models/StreetLights1/Materials/mat2.mat using Guid(0ed58da6df81cc94896a5e65ecc91f30) Importer(815301076,1909f56bfc062723c751e8b465ee728b)  -> (artifact id: '7e21bea83747b115bdd298f6527647a2') in 0.011394 seconds 
  Import took 0.013699 seconds .

========================================================================
Received Import Request.
  Time since last request: 0.000153 seconds.
  path: Assets/StreetLightsPack/Models/StreetLights1/Materials/mat16.mat
  artifactKey: Guid(9b5d8d92fbdb7ff4596d2e40dc4a3585) Importer(815301076,1909f56bfc062723c751e8b465ee728b)
Start importing Assets/StreetLightsPack/Models/StreetLights1/Materials/mat16.mat using Guid(9b5d8d92fbdb7ff4596d2e40dc4a3585) Importer(815301076,1909f56bfc062723c751e8b465ee728b)  -> (artifact id: '78bc690d334b7ae6b57adf2a80e16df2') in 0.011059 seconds 
  Import took 0.013491 seconds .

========================================================================
Received Import Request.
  Time since last request: 0.000153 seconds.
  path: Assets/StreetLightsPack/Models/StreetLights1/Materials/mat17.mat
  artifactKey: Guid(747505f7e507f184a9ff32304e1eef05) Importer(815301076,1909f56bfc062723c751e8b465ee728b)
Start importing Assets/StreetLightsPack/Models/StreetLights1/Materials/mat17.mat using Guid(747505f7e507f184a9ff32304e1eef05) Importer(815301076,1909f56bfc062723c751e8b465ee728b)  -> (artifact id: 'f28e0e09ec1e9a609b76bce70e335e6c') in 0.022305 seconds 
  Import took 0.025287 seconds .

========================================================================
Received Import Request.
  Time since last request: 0.000214 seconds.
  path: Assets/StreetLightsPack/Models/StreetLights1/Materials/mat20.mat
  artifactKey: Guid(155b12020f502c3498ea6e05df210f08) Importer(815301076,1909f56bfc062723c751e8b465ee728b)
Start importing Assets/StreetLightsPack/Models/StreetLights1/Materials/mat20.mat using Guid(155b12020f502c3498ea6e05df210f08) Importer(815301076,1909f56bfc062723c751e8b465ee728b)  -> (artifact id: '535ecd5b5d98b82ca3bc1c03d3be25a0') in 0.025852 seconds 
  Import took 0.028544 seconds .

========================================================================
Received Import Request.
  Time since last request: 0.000157 seconds.
  path: Assets/StreetLightsPack/Models/StreetLights1/Materials/mat6.mat
  artifactKey: Guid(7293e1c0e949f934d89346c12b83e063) Importer(815301076,1909f56bfc062723c751e8b465ee728b)
Start importing Assets/StreetLightsPack/Models/StreetLights1/Materials/mat6.mat using Guid(7293e1c0e949f934d89346c12b83e063) Importer(815301076,1909f56bfc062723c751e8b465ee728b)  -> (artifact id: '6f90f46ba99624b5ae7f451bdb12366e') in 0.012838 seconds 
  Import took 0.015141 seconds .

========================================================================
Received Import Request.
  Time since last request: 0.000146 seconds.
  path: Assets/StreetLightsPack/Models/StreetLights1/Materials/mat7.mat
  artifactKey: Guid(14acf356d31836b4dbb218da6af1c497) Importer(815301076,1909f56bfc062723c751e8b465ee728b)
Start importing Assets/StreetLightsPack/Models/StreetLights1/Materials/mat7.mat using Guid(14acf356d31836b4dbb218da6af1c497) Importer(815301076,1909f56bfc062723c751e8b465ee728b)  -> (artifact id: '916499c2ff5376e101f7b654016e9de3') in 0.012458 seconds 
  Import took 0.014717 seconds .

========================================================================
Received Import Request.
  Time since last request: 0.000154 seconds.
  path: Assets/StreetLightsPack/Models/StreetLights1/Materials/mat19.mat
  artifactKey: Guid(e2402792e0704924f99de4880cb86a08) Importer(815301076,1909f56bfc062723c751e8b465ee728b)
Start importing Assets/StreetLightsPack/Models/StreetLights1/Materials/mat19.mat using Guid(e2402792e0704924f99de4880cb86a08) Importer(815301076,1909f56bfc062723c751e8b465ee728b)  -> (artifact id: '091f92bf09126620a809680ded20c8c8') in 0.010991 seconds 
  Import took 0.013280 seconds .

========================================================================
Received Import Request.
  Time since last request: 0.000149 seconds.
  path: Assets/StreetLightsPack/Models/StreetLights1/Materials/mat3.mat
  artifactKey: Guid(9c6dc3fc00d8b844f8196ac27f9f2599) Importer(815301076,1909f56bfc062723c751e8b465ee728b)
Start importing Assets/StreetLightsPack/Models/StreetLights1/Materials/mat3.mat using Guid(9c6dc3fc00d8b844f8196ac27f9f2599) Importer(815301076,1909f56bfc062723c751e8b465ee728b)  -> (artifact id: 'e328f0ecf9fee34c099bd11657a1e47c') in 0.010679 seconds 
  Import took 0.013099 seconds .

========================================================================
Received Import Request.
  Time since last request: 6.309667 seconds.
  path: Assets/StreetLightsPack/Models/StreetLights2/StreetLights2.FBX
  artifactKey: Guid(00e57022166972f4a948469e9a2acd86) Importer(815301076,1909f56bfc062723c751e8b465ee728b)
Start importing Assets/StreetLightsPack/Models/StreetLights2/StreetLights2.FBX using Guid(00e57022166972f4a948469e9a2acd86) Importer(815301076,1909f56bfc062723c751e8b465ee728b)  -> (artifact id: '8358f4541c47b457c02573745099269a') in 0.193808 seconds 
  Import took 0.196598 seconds .

========================================================================
Received Import Request.
  Time since last request: 1.325879 seconds.
  path: Assets/StreetLightsPack/Models/StreetLights2/Textures
  artifactKey: Guid(192fb286ef0a39a4287fe7c46f88b818) Importer(815301076,1909f56bfc062723c751e8b465ee728b)
Start importing Assets/StreetLightsPack/Models/StreetLights2/Textures using Guid(192fb286ef0a39a4287fe7c46f88b818) Importer(815301076,1909f56bfc062723c751e8b465ee728b)  -> (artifact id: '4749dc631daea8ca935a476a6cdfceda') in 0.007468 seconds 
  Import took 0.010098 seconds .

========================================================================
Received Import Request.
  Time since last request: 0.044855 seconds.
  path: Assets/StreetLightsPack/Models/StreetLights2/Textures/mat22.jpg
  artifactKey: Guid(06639daa02c12a2448ba79f357ce6edf) Importer(815301076,1909f56bfc062723c751e8b465ee728b)
Start importing Assets/StreetLightsPack/Models/StreetLights2/Textures/mat22.jpg using Guid(06639daa02c12a2448ba79f357ce6edf) Importer(815301076,1909f56bfc062723c751e8b465ee728b)  -> (artifact id: '6da77683cb1fe97eab30b6d9ba45e7fc') in 0.014781 seconds 
  Import took 0.019667 seconds .

========================================================================
Received Import Request.
  Time since last request: 0.000206 seconds.
  path: Assets/StreetLightsPack/Models/StreetLights2/Textures/mat25.jpg
  artifactKey: Guid(8e848000c7fb82d4990b5782dfe62f8b) Importer(815301076,1909f56bfc062723c751e8b465ee728b)
Start importing Assets/StreetLightsPack/Models/StreetLights2/Textures/mat25.jpg using Guid(8e848000c7fb82d4990b5782dfe62f8b) Importer(815301076,1909f56bfc062723c751e8b465ee728b)  -> (artifact id: 'd4ef7fcfb459c15dfa689c483a247c1f') in 0.032065 seconds 
  Import took 0.036038 seconds .

========================================================================
Received Import Request.
  Time since last request: 0.000182 seconds.
  path: Assets/StreetLightsPack/Models/StreetLights2/Textures/mat24.jpg
  artifactKey: Guid(dd4b5d424ec2b1043abe0949da3227a6) Importer(815301076,1909f56bfc062723c751e8b465ee728b)
Start importing Assets/StreetLightsPack/Models/StreetLights2/Textures/mat24.jpg using Guid(dd4b5d424ec2b1043abe0949da3227a6) Importer(815301076,1909f56bfc062723c751e8b465ee728b)  -> (artifact id: '69ee575d1236a2b3f07d05f0c3bca897') in 0.008460 seconds 
  Import took 0.010943 seconds .

========================================================================
Received Import Request.
  Time since last request: 0.000159 seconds.
  path: Assets/StreetLightsPack/Models/StreetLights2/Textures/mat31.jpg
  artifactKey: Guid(f619cb48c21dd844394cc12100b73578) Importer(815301076,1909f56bfc062723c751e8b465ee728b)
Start importing Assets/StreetLightsPack/Models/StreetLights2/Textures/mat31.jpg using Guid(f619cb48c21dd844394cc12100b73578) Importer(815301076,1909f56bfc062723c751e8b465ee728b)  -> (artifact id: 'a097ed39d53aa30a3597e0d494d1b4e7') in 0.008875 seconds 
  Import took 0.011164 seconds .

========================================================================
Received Import Request.
  Time since last request: 0.000154 seconds.
  path: Assets/StreetLightsPack/Models/StreetLights2/Textures/mat26.jpg
  artifactKey: Guid(d47d3e75be6e2b04b93ec77baf12630a) Importer(815301076,1909f56bfc062723c751e8b465ee728b)
Start importing Assets/StreetLightsPack/Models/StreetLights2/Textures/mat26.jpg using Guid(d47d3e75be6e2b04b93ec77baf12630a) Importer(815301076,1909f56bfc062723c751e8b465ee728b)  -> (artifact id: '51714f46a041ce03ca0ad6f8000fe922') in 0.008252 seconds 
  Import took 0.010551 seconds .

========================================================================
Received Import Request.
  Time since last request: 0.000155 seconds.
  path: Assets/StreetLightsPack/Models/StreetLights2/Textures/mat27.jpg
  artifactKey: Guid(650071e98d0a226409229c9403de680a) Importer(815301076,1909f56bfc062723c751e8b465ee728b)
Start importing Assets/StreetLightsPack/Models/StreetLights2/Textures/mat27.jpg using Guid(650071e98d0a226409229c9403de680a) Importer(815301076,1909f56bfc062723c751e8b465ee728b)  -> (artifact id: '9998a5e954f01906cddb4b85edfd0b1f') in 0.008090 seconds 
  Import took 0.010588 seconds .

========================================================================
Received Import Request.
  Time since last request: 0.000158 seconds.
  path: Assets/StreetLightsPack/Models/StreetLights2/Textures/mat28.jpg
  artifactKey: Guid(c3913ce884b5d7748aa673529f217142) Importer(815301076,1909f56bfc062723c751e8b465ee728b)
Start importing Assets/StreetLightsPack/Models/StreetLights2/Textures/mat28.jpg using Guid(c3913ce884b5d7748aa673529f217142) Importer(815301076,1909f56bfc062723c751e8b465ee728b)  -> (artifact id: 'b5308ef5c42b609e07a09fa64850f90c') in 0.008612 seconds 
  Import took 0.010933 seconds .

========================================================================
Received Import Request.
  Time since last request: 0.000154 seconds.
  path: Assets/StreetLightsPack/Models/StreetLights2/Textures/mat29.jpg
  artifactKey: Guid(0200098b14acb8843b5fe819e38a31d3) Importer(815301076,1909f56bfc062723c751e8b465ee728b)
Start importing Assets/StreetLightsPack/Models/StreetLights2/Textures/mat29.jpg using Guid(0200098b14acb8843b5fe819e38a31d3) Importer(815301076,1909f56bfc062723c751e8b465ee728b)  -> (artifact id: 'b945e36767b7a47e2e35de66b6cad093') in 0.009071 seconds 
  Import took 0.011798 seconds .

========================================================================
Received Import Request.
  Time since last request: 0.000165 seconds.
  path: Assets/StreetLightsPack/Models/StreetLights2/Textures/mat30.jpg
  artifactKey: Guid(8d741bb5806352348b2888fff924e948) Importer(815301076,1909f56bfc062723c751e8b465ee728b)
Start importing Assets/StreetLightsPack/Models/StreetLights2/Textures/mat30.jpg using Guid(8d741bb5806352348b2888fff924e948) Importer(815301076,1909f56bfc062723c751e8b465ee728b)  -> (artifact id: '3d78cbcc8ad3315ec18d66333893501c') in 0.023259 seconds 
  Import took 0.027091 seconds .

========================================================================
Received Import Request.
  Time since last request: 0.000227 seconds.
  path: Assets/StreetLightsPack/Models/StreetLights2/Textures/mat23.jpg
  artifactKey: Guid(f1ada70ca621f4a4c8d018fb763fa597) Importer(815301076,1909f56bfc062723c751e8b465ee728b)
Start importing Assets/StreetLightsPack/Models/StreetLights2/Textures/mat23.jpg using Guid(f1ada70ca621f4a4c8d018fb763fa597) Importer(815301076,1909f56bfc062723c751e8b465ee728b)  -> (artifact id: '469cb788380abd809e5ffe9645015017') in 0.016979 seconds 
  Import took 0.019541 seconds .

========================================================================
Received Import Request.
  Time since last request: 118.010877 seconds.
  path: Assets/Prefabs/BasicMotionsDummy.prefab
  artifactKey: Guid(d6d06c887a1aae94f8c6e8cc2c0c557b) Importer(815301076,1909f56bfc062723c751e8b465ee728b)
Start importing Assets/Prefabs/BasicMotionsDummy.prefab using Guid(d6d06c887a1aae94f8c6e8cc2c0c557b) Importer(815301076,1909f56bfc062723c751e8b465ee728b)  -> (artifact id: '77cdac8eb190fd14d1db98b784c30c5b') in 0.032760 seconds 
  Import took 0.035537 seconds .

========================================================================
Received Import Request.
  Time since last request: 0.000260 seconds.
  path: Assets/Prefabs/pistol2.fbx
  artifactKey: Guid(8f9696fb6017be144a307b6586855ac0) Importer(815301076,1909f56bfc062723c751e8b465ee728b)
Start importing Assets/Prefabs/pistol2.fbx using Guid(8f9696fb6017be144a307b6586855ac0) Importer(815301076,1909f56bfc062723c751e8b465ee728b)  -> (artifact id: 'd544fb3e8c4d2692629bce40be0a1792') in 0.063361 seconds 
  Import took 0.065711 seconds .

========================================================================
Received Import Request.
  Time since last request: 0.000149 seconds.
  path: Assets/Prefabs/Spawner.prefab
  artifactKey: Guid(6c1d3cbe22f831b43970f8d4d7272c2b) Importer(815301076,1909f56bfc062723c751e8b465ee728b)
Start importing Assets/Prefabs/Spawner.prefab using Guid(6c1d3cbe22f831b43970f8d4d7272c2b) Importer(815301076,1909f56bfc062723c751e8b465ee728b)  -> (artifact id: '85bda53e98948d62412a1b2a13aa452c') in 0.013662 seconds 
  Import took 0.017636 seconds .

========================================================================
Received Import Request.
  Time since last request: 0.000165 seconds.
  path: Assets/Prefabs/TV.prefab
  artifactKey: Guid(de509aa17fac94a0f862e6ffdd6cfd50) Importer(815301076,1909f56bfc062723c751e8b465ee728b)
Start importing Assets/Prefabs/TV.prefab using Guid(de509aa17fac94a0f862e6ffdd6cfd50) Importer(815301076,1909f56bfc062723c751e8b465ee728b)  -> (artifact id: 'c94cd3f4cb41b91bd9ea2cd8b96bf208') in 0.121132 seconds 
  Import took 0.124368 seconds .

========================================================================
Received Import Request.
  Time since last request: 0.000200 seconds.
  path: Assets/Prefabs/Camera.prefab
  artifactKey: Guid(696e5bd12772e4f30a08a8fdac10df48) Importer(815301076,1909f56bfc062723c751e8b465ee728b)
Start importing Assets/Prefabs/Camera.prefab using Guid(696e5bd12772e4f30a08a8fdac10df48) Importer(815301076,1909f56bfc062723c751e8b465ee728b)  -> (artifact id: 'b8a4747f843639a7a27b4538fcc1e9f4') in 0.027192 seconds 
  Import took 0.029764 seconds .

========================================================================
Received Import Request.
  Time since last request: 0.000185 seconds.
  path: Assets/Prefabs/ExplosiveBoll.prefab
  artifactKey: Guid(d85f7621035664442bb08521f2d94c9a) Importer(815301076,1909f56bfc062723c751e8b465ee728b)
Start importing Assets/Prefabs/ExplosiveBoll.prefab using Guid(d85f7621035664442bb08521f2d94c9a) Importer(815301076,1909f56bfc062723c751e8b465ee728b)  -> (artifact id: 'c22c0361d00ed541af9c5506aefe3ce1') in 0.021005 seconds 
  Import took 0.023488 seconds .

========================================================================
Received Prepare
Registering precompiled user dll's ...
Registered in 0.002738 seconds.
Begin MonoManager ReloadAssembly
Native extension for WindowsStandalone target not found
Refreshing native plugins compatible for Editor in 0.32 ms, found 2 plugins.
Preloading 0 native plugins for Editor in 0.00 ms.
Mono: successfully reloaded assembly
- Completed reload, in  0.953 seconds
Domain Reload Profiling:
	ReloadAssembly (953ms)
		BeginReloadAssembly (99ms)
			ExecutionOrderSort (0ms)
			DisableScriptedObjects (4ms)
			BackupInstance (0ms)
			ReleaseScriptingObjects (0ms)
			CreateAndSetChildDomain (30ms)
		EndReloadAssembly (792ms)
			LoadAssemblies (87ms)
			RebuildTransferFunctionScriptingTraits (0ms)
			SetupTypeCache (257ms)
			ReleaseScriptCaches (1ms)
			RebuildScriptCaches (39ms)
			SetupLoadedEditorAssemblies (304ms)
				LogAssemblyErrors (0ms)
				InitializePlatformSupportModulesInManaged (5ms)
				SetLoadedEditorAssemblies (0ms)
				RefreshPlugins (0ms)
				BeforeProcessingInitializeOnLoad (68ms)
				ProcessInitializeOnLoadAttributes (215ms)
				ProcessInitializeOnLoadMethodAttributes (6ms)
				AfterProcessingInitializeOnLoad (8ms)
				EditorAssembliesLoaded (0ms)
			ExecutionOrderSort2 (0ms)
			AwakeInstancesAfterBackupRestoration (11ms)
Platform modules already initialized, skipping
Refreshing native plugins compatible for Editor in 0.59 ms, found 2 plugins.
Preloading 0 native plugins for Editor in 0.00 ms.
Unloading 1547 Unused Serialized files (Serialized files now loaded: 0)
System memory in use before: 89.7 MB.
System memory in use after: 89.8 MB.

Unloading 13 unused Assets to reduce memory usage. Loaded Objects now: 2055.
Total: 4.033995 ms (FindLiveObjects: 0.535894 ms CreateObjectMapping: 0.096996 ms MarkObjects: 3.363558 ms  DeleteObjects: 0.035840 ms)

AssetImportParameters requested are different than current active one (requested -> active):
  custom:framework-win-MediaFoundation: 216162199b28c13a410421893ffa2e32 -> 
  custom:video-decoder-ogg-theora: a1e56fd34408186e4bbccfd4996cb3dc -> 
  custom:container-muxer-webm: aa71ff27fc2769a1b78a27578f13a17b -> 
  custom:container-demuxer-webm: 4f35f7cbe854078d1ac9338744f61a02 -> 
  custom:container-demuxer-ogg: 62fdf1f143b41e24485cea50d1cbac27 -> 
  custom:video-encoder-webm-vp8: eb34c28f22e8b96e1ab97ce403110664 -> 
  custom:video-codec-MediaFoundation-h265: 55f8c8538cf0483ab7069ead6b737db2 -> 
  custom:video-decoder-webm-vp8: 9c59270c3fd7afecdb556c50c9e8de78 -> 
  custom:audio-decoder-ogg-vorbis: bf7c407c2cedff20999df2af8eb42d56 -> 
  custom:audio-encoder-webm-vorbis: bf7c407c2cedff20999df2af8eb42d56 -> 
========================================================================
Received Import Request.
  Time since last request: 1488.967305 seconds.
  path: Assets/StreetLightsPack/Models/StreetLights1/Textures/mat10.jpg
  artifactKey: Guid(9576c7fa99dad474ab30f11393465328) Importer(815301076,1909f56bfc062723c751e8b465ee728b)
Start importing Assets/StreetLightsPack/Models/StreetLights1/Textures/mat10.jpg using Guid(9576c7fa99dad474ab30f11393465328) Importer(815301076,1909f56bfc062723c751e8b465ee728b)  -> (artifact id: '8051679c0196c73d135d8db234c2ad92') in 0.039361 seconds 
  Import took 0.042985 seconds .

========================================================================
Received Import Request.
  Time since last request: 0.000183 seconds.
  path: Assets/StreetLightsPack/Models/StreetLights1/Textures/mat19.jpg
  artifactKey: Guid(bfd0907ae63cd8747b167347703e94c6) Importer(815301076,1909f56bfc062723c751e8b465ee728b)
Start importing Assets/StreetLightsPack/Models/StreetLights1/Textures/mat19.jpg using Guid(bfd0907ae63cd8747b167347703e94c6) Importer(815301076,1909f56bfc062723c751e8b465ee728b)  -> (artifact id: 'f1fcd2a522e6f462d44d220a4b787a84') in 0.013592 seconds 
  Import took 0.016088 seconds .

========================================================================
Received Import Request.
  Time since last request: 0.000208 seconds.
  path: Assets/StreetLightsPack/Models/StreetLights1/Textures/mat18.jpg
  artifactKey: Guid(36eda73fa902b9e4693174ffc63d9aa5) Importer(815301076,1909f56bfc062723c751e8b465ee728b)
Start importing Assets/StreetLightsPack/Models/StreetLights1/Textures/mat18.jpg using Guid(36eda73fa902b9e4693174ffc63d9aa5) Importer(815301076,1909f56bfc062723c751e8b465ee728b)  -> (artifact id: '7fb93b88a1fd2db6701dc0066e71998d') in 0.030460 seconds 
  Import took 0.033279 seconds .

========================================================================
Received Import Request.
  Time since last request: 0.000325 seconds.
  path: Assets/StreetLightsPack/Models/StreetLights1/Textures/mat13.jpg
  artifactKey: Guid(ecbd82c9aa5b1654db7cc45ee8d7b736) Importer(815301076,1909f56bfc062723c751e8b465ee728b)
Start importing Assets/StreetLightsPack/Models/StreetLights1/Textures/mat13.jpg using Guid(ecbd82c9aa5b1654db7cc45ee8d7b736) Importer(815301076,1909f56bfc062723c751e8b465ee728b)  -> (artifact id: '6cf528a7a9c7a1e04c91095500fa1f00') in 0.023637 seconds 
  Import took 0.027288 seconds .

========================================================================
Received Import Request.
  Time since last request: 0.000179 seconds.
  path: Assets/StreetLightsPack/Models/StreetLights1/Textures/mat16.jpg
  artifactKey: Guid(66315fdc330e7b84da8bc4e0de269908) Importer(815301076,1909f56bfc062723c751e8b465ee728b)
Start importing Assets/StreetLightsPack/Models/StreetLights1/Textures/mat16.jpg using Guid(66315fdc330e7b84da8bc4e0de269908) Importer(815301076,1909f56bfc062723c751e8b465ee728b)  -> (artifact id: 'f8d8551c81dd9c2aad8a8214fd9ec8a5') in 0.021681 seconds 
  Import took 0.026462 seconds .

========================================================================
Received Import Request.
  Time since last request: 0.000156 seconds.
  path: Assets/StreetLightsPack/Models/StreetLights1/Textures/mat11.jpg
  artifactKey: Guid(349488ae5f35d364ab4926fc4f77a4f7) Importer(815301076,1909f56bfc062723c751e8b465ee728b)
Start importing Assets/StreetLightsPack/Models/StreetLights1/Textures/mat11.jpg using Guid(349488ae5f35d364ab4926fc4f77a4f7) Importer(815301076,1909f56bfc062723c751e8b465ee728b)  -> (artifact id: '7836e8bf9e0eca9aa1d166e5aa33f75c') in 0.023115 seconds 
  Import took 0.026459 seconds .

========================================================================
Received Import Request.
  Time since last request: 0.000164 seconds.
  path: Assets/StreetLightsPack/Models/StreetLights1/Textures/mat14.jpg
  artifactKey: Guid(8a40c3e2f122f964490ff6b3708a4498) Importer(815301076,1909f56bfc062723c751e8b465ee728b)
Start importing Assets/StreetLightsPack/Models/StreetLights1/Textures/mat14.jpg using Guid(8a40c3e2f122f964490ff6b3708a4498) Importer(815301076,1909f56bfc062723c751e8b465ee728b)  -> (artifact id: 'a0b213b5a67dccf29ef9471b63d7a443') in 0.023367 seconds 
  Import took 0.025919 seconds .

========================================================================
Received Import Request.
  Time since last request: 0.000166 seconds.
  path: Assets/StreetLightsPack/Models/StreetLights1/Textures/mat17.jpg
  artifactKey: Guid(582352735cdae5540b8f14a574588472) Importer(815301076,1909f56bfc062723c751e8b465ee728b)
Start importing Assets/StreetLightsPack/Models/StreetLights1/Textures/mat17.jpg using Guid(582352735cdae5540b8f14a574588472) Importer(815301076,1909f56bfc062723c751e8b465ee728b)  -> (artifact id: 'be7ce8e9d81c8c74d0c81bd72268ecb6') in 0.023046 seconds 
  Import took 0.027202 seconds .

========================================================================
Received Import Request.
  Time since last request: 0.000147 seconds.
  path: Assets/StreetLightsPack/Models/StreetLights1/Textures/mat15.jpg
  artifactKey: Guid(8cbb4818b99866e4ea325d7959eb160d) Importer(815301076,1909f56bfc062723c751e8b465ee728b)
Start importing Assets/StreetLightsPack/Models/StreetLights1/Textures/mat15.jpg using Guid(8cbb4818b99866e4ea325d7959eb160d) Importer(815301076,1909f56bfc062723c751e8b465ee728b)  -> (artifact id: '9e8097a044b9b6be83fa6dbbb80d5a18') in 0.020772 seconds 
  Import took 0.023830 seconds .

========================================================================
Received Import Request.
  Time since last request: 0.000103 seconds.
  path: Assets/StreetLightsPack/Models/StreetLights1/Textures/mat12.jpg
  artifactKey: Guid(2d8035e15d7a764489eaff7607726fd0) Importer(815301076,1909f56bfc062723c751e8b465ee728b)
Start importing Assets/StreetLightsPack/Models/StreetLights1/Textures/mat12.jpg using Guid(2d8035e15d7a764489eaff7607726fd0) Importer(815301076,1909f56bfc062723c751e8b465ee728b)  -> (artifact id: 'ac6b31601702dd77678b43deb091c8e8') in 0.016307 seconds 
  Import took 0.019974 seconds .

========================================================================
Received Import Request.
  Time since last request: 0.000166 seconds.
  path: Assets/StreetLightsPack/Models/StreetLights1/Textures/mat20.jpg
  artifactKey: Guid(eee2b1fe5a10fff4ebe361207bb8d01c) Importer(815301076,1909f56bfc062723c751e8b465ee728b)
Start importing Assets/StreetLightsPack/Models/StreetLights1/Textures/mat20.jpg using Guid(eee2b1fe5a10fff4ebe361207bb8d01c) Importer(815301076,1909f56bfc062723c751e8b465ee728b)  -> (artifact id: '670c782c869874e3852476a449d3236a') in 0.012132 seconds 
  Import took 0.016707 seconds .

========================================================================
Received Import Request.
  Time since last request: 6.342512 seconds.
  path: Assets/StreetLightsPack/Models/StreetLights2/Materials/glass.mat
  artifactKey: Guid(d1fcc71d0a73abc4ea608accc553459b) Importer(815301076,1909f56bfc062723c751e8b465ee728b)
Start importing Assets/StreetLightsPack/Models/StreetLights2/Materials/glass.mat using Guid(d1fcc71d0a73abc4ea608accc553459b) Importer(815301076,1909f56bfc062723c751e8b465ee728b)  -> (artifact id: 'cd5beaef6be41b82babacdec74c1cad4') in 0.036327 seconds 
  Import took 0.038795 seconds .

========================================================================
Received Import Request.
  Time since last request: 0.000253 seconds.
  path: Assets/StreetLightsPack/Models/StreetLights2/Materials/mat30.mat
  artifactKey: Guid(bb887fef3a28d294cbc33963af417817) Importer(815301076,1909f56bfc062723c751e8b465ee728b)
Start importing Assets/StreetLightsPack/Models/StreetLights2/Materials/mat30.mat using Guid(bb887fef3a28d294cbc33963af417817) Importer(815301076,1909f56bfc062723c751e8b465ee728b)  -> (artifact id: 'ffc78adbda1ed2883962731fea3115f7') in 0.018169 seconds 
  Import took 0.021139 seconds .

========================================================================
Received Import Request.
  Time since last request: 0.000208 seconds.
  path: Assets/StreetLightsPack/Models/StreetLights2/Materials/mat29.mat
  artifactKey: Guid(f93036e5d9213e74483ea9bb672bfe55) Importer(815301076,1909f56bfc062723c751e8b465ee728b)
Start importing Assets/StreetLightsPack/Models/StreetLights2/Materials/mat29.mat using Guid(f93036e5d9213e74483ea9bb672bfe55) Importer(815301076,1909f56bfc062723c751e8b465ee728b)  -> (artifact id: '70df4bbb5bba4b5ad20ae729668c557f') in 0.028996 seconds 
  Import took 0.032088 seconds .

========================================================================
Received Import Request.
  Time since last request: 0.000184 seconds.
  path: Assets/StreetLightsPack/Models/StreetLights2/Materials/mat31.mat
  artifactKey: Guid(1039669a7d87b0e4a86fcb8ff4a69763) Importer(815301076,1909f56bfc062723c751e8b465ee728b)
Start importing Assets/StreetLightsPack/Models/StreetLights2/Materials/mat31.mat using Guid(1039669a7d87b0e4a86fcb8ff4a69763) Importer(815301076,1909f56bfc062723c751e8b465ee728b)  -> (artifact id: 'd17ac03a80cbc0c393c0a037d4b96870') in 0.039488 seconds 
  Import took 0.043847 seconds .

========================================================================
Received Import Request.
  Time since last request: 0.000172 seconds.
  path: Assets/StreetLightsPack/Models/StreetLights2/Materials/mat23.mat
  artifactKey: Guid(63a3f6443dd3079458ba7175a69eb102) Importer(815301076,1909f56bfc062723c751e8b465ee728b)
Start importing Assets/StreetLightsPack/Models/StreetLights2/Materials/mat23.mat using Guid(63a3f6443dd3079458ba7175a69eb102) Importer(815301076,1909f56bfc062723c751e8b465ee728b)  -> (artifact id: '6d4e6a84fc77b6270d8e845f87137857') in 0.040057 seconds 
  Import took 0.043008 seconds .

========================================================================
Received Import Request.
  Time since last request: 0.000166 seconds.
  path: Assets/StreetLightsPack/Models/StreetLights2/Materials/mat28.mat
  artifactKey: Guid(0ca823d806715c54b8951ea83c1826a1) Importer(815301076,1909f56bfc062723c751e8b465ee728b)
Start importing Assets/StreetLightsPack/Models/StreetLights2/Materials/mat28.mat using Guid(0ca823d806715c54b8951ea83c1826a1) Importer(815301076,1909f56bfc062723c751e8b465ee728b)  -> (artifact id: 'ec474513310fc3797e9315983144b80d') in 0.015161 seconds 
  Import took 0.019308 seconds .

========================================================================
Received Import Request.
  Time since last request: 0.000172 seconds.
  path: Assets/StreetLightsPack/Models/StreetLights2/Materials/mat27.mat
  artifactKey: Guid(a8b8327eb4a4a4043b6ca07f0e829484) Importer(815301076,1909f56bfc062723c751e8b465ee728b)
Start importing Assets/StreetLightsPack/Models/StreetLights2/Materials/mat27.mat using Guid(a8b8327eb4a4a4043b6ca07f0e829484) Importer(815301076,1909f56bfc062723c751e8b465ee728b)  -> (artifact id: '1b5a9783ac3f399e3a7a899de2216835') in 0.015221 seconds 
  Import took 0.018636 seconds .

========================================================================
Received Import Request.
  Time since last request: 0.000163 seconds.
  path: Assets/StreetLightsPack/Models/StreetLights2/Materials/mat22.mat
  artifactKey: Guid(757f85886dbd66e47afb086e4d979e7b) Importer(815301076,1909f56bfc062723c751e8b465ee728b)
Start importing Assets/StreetLightsPack/Models/StreetLights2/Materials/mat22.mat using Guid(757f85886dbd66e47afb086e4d979e7b) Importer(815301076,1909f56bfc062723c751e8b465ee728b)  -> (artifact id: 'd64128a3894afcbb7d45dd810ee2bdd4') in 0.019546 seconds 
  Import took 0.022184 seconds .

========================================================================
Received Import Request.
  Time since last request: 0.000102 seconds.
  path: Assets/StreetLightsPack/Models/StreetLights2/Materials/mat25.mat
  artifactKey: Guid(49c28527a0d562a40be23891ffa4e9f2) Importer(815301076,1909f56bfc062723c751e8b465ee728b)
Start importing Assets/StreetLightsPack/Models/StreetLights2/Materials/mat25.mat using Guid(49c28527a0d562a40be23891ffa4e9f2) Importer(815301076,1909f56bfc062723c751e8b465ee728b)  -> (artifact id: '818d8751c39b89035fad3c63038d65e6') in 0.016130 seconds 
  Import took 0.019177 seconds .

========================================================================
Received Import Request.
  Time since last request: 0.000095 seconds.
  path: Assets/StreetLightsPack/Models/StreetLights2/Materials/mat24.mat
  artifactKey: Guid(d8047a09dc8369e4f9679fd9d7007f88) Importer(815301076,1909f56bfc062723c751e8b465ee728b)
Start importing Assets/StreetLightsPack/Models/StreetLights2/Materials/mat24.mat using Guid(d8047a09dc8369e4f9679fd9d7007f88) Importer(815301076,1909f56bfc062723c751e8b465ee728b)  -> (artifact id: '700b862be867a7eeef85afa600bf15a9') in 0.017202 seconds 
  Import took 0.020786 seconds .

========================================================================
Received Import Request.
  Time since last request: 0.000166 seconds.
  path: Assets/StreetLightsPack/Models/StreetLights2/Materials/mat26.mat
  artifactKey: Guid(39cd0ee20e6e65547a92b87d9608453b) Importer(815301076,1909f56bfc062723c751e8b465ee728b)
Start importing Assets/StreetLightsPack/Models/StreetLights2/Materials/mat26.mat using Guid(39cd0ee20e6e65547a92b87d9608453b) Importer(815301076,1909f56bfc062723c751e8b465ee728b)  -> (artifact id: '4904d787eebc48a61fa407e8cd754e54') in 0.016593 seconds 
  Import took 0.019775 seconds .

========================================================================
Received Prepare
Registering precompiled user dll's ...
Registered in 0.002199 seconds.
Begin MonoManager ReloadAssembly
Native extension for WindowsStandalone target not found
Refreshing native plugins compatible for Editor in 0.31 ms, found 2 plugins.
Preloading 0 native plugins for Editor in 0.00 ms.
Mono: successfully reloaded assembly
- Completed reload, in  0.926 seconds
Domain Reload Profiling:
	ReloadAssembly (926ms)
		BeginReloadAssembly (99ms)
			ExecutionOrderSort (0ms)
			DisableScriptedObjects (4ms)
			BackupInstance (0ms)
			ReleaseScriptingObjects (0ms)
			CreateAndSetChildDomain (30ms)
		EndReloadAssembly (764ms)
			LoadAssemblies (87ms)
			RebuildTransferFunctionScriptingTraits (0ms)
			SetupTypeCache (258ms)
			ReleaseScriptCaches (1ms)
			RebuildScriptCaches (38ms)
			SetupLoadedEditorAssemblies (285ms)
				LogAssemblyErrors (0ms)
				InitializePlatformSupportModulesInManaged (6ms)
				SetLoadedEditorAssemblies (1ms)
				RefreshPlugins (0ms)
				BeforeProcessingInitializeOnLoad (70ms)
				ProcessInitializeOnLoadAttributes (198ms)
				ProcessInitializeOnLoadMethodAttributes (4ms)
				AfterProcessingInitializeOnLoad (6ms)
				EditorAssembliesLoaded (0ms)
			ExecutionOrderSort2 (0ms)
			AwakeInstancesAfterBackupRestoration (7ms)
Platform modules already initialized, skipping
Refreshing native plugins compatible for Editor in 0.31 ms, found 2 plugins.
Preloading 0 native plugins for Editor in 0.00 ms.
Unloading 1547 Unused Serialized files (Serialized files now loaded: 0)
System memory in use before: 89.7 MB.
System memory in use after: 89.8 MB.

Unloading 12 unused Assets to reduce memory usage. Loaded Objects now: 2058.
Total: 2.625424 ms (FindLiveObjects: 0.150471 ms CreateObjectMapping: 0.051484 ms MarkObjects: 2.407540 ms  DeleteObjects: 0.015076 ms)

AssetImportParameters requested are different than current active one (requested -> active):
  custom:framework-win-MediaFoundation: 216162199b28c13a410421893ffa2e32 -> 
  custom:video-decoder-ogg-theora: a1e56fd34408186e4bbccfd4996cb3dc -> 
  custom:container-muxer-webm: aa71ff27fc2769a1b78a27578f13a17b -> 
  custom:container-demuxer-webm: 4f35f7cbe854078d1ac9338744f61a02 -> 
  custom:container-demuxer-ogg: 62fdf1f143b41e24485cea50d1cbac27 -> 
  custom:video-encoder-webm-vp8: eb34c28f22e8b96e1ab97ce403110664 -> 
  custom:video-codec-MediaFoundation-h265: 55f8c8538cf0483ab7069ead6b737db2 -> 
  custom:video-decoder-webm-vp8: 9c59270c3fd7afecdb556c50c9e8de78 -> 
  custom:audio-decoder-ogg-vorbis: bf7c407c2cedff20999df2af8eb42d56 -> 
  custom:audio-encoder-webm-vorbis: bf7c407c2cedff20999df2af8eb42d56 -> 
========================================================================
Received Import Request.
  Time since last request: 48.273907 seconds.
  path: Assets/StreetLightsPack/Models/StreetLights1/Textures/mat1.jpg
  artifactKey: Guid(28dfbbc073e032044a6bc52848561688) Importer(815301076,1909f56bfc062723c751e8b465ee728b)
Start importing Assets/StreetLightsPack/Models/StreetLights1/Textures/mat1.jpg using Guid(28dfbbc073e032044a6bc52848561688) Importer(815301076,1909f56bfc062723c751e8b465ee728b)  -> (artifact id: '59a45492f3f15423dd9a70c3ba21e68e') in 0.040649 seconds 
  Import took 0.043636 seconds .

========================================================================
Received Import Request.
  Time since last request: 0.000214 seconds.
  path: Assets/StreetLightsPack/Models/StreetLights1/Textures/mat4.jpg
  artifactKey: Guid(acce341228dfb874d81399226928d43e) Importer(815301076,1909f56bfc062723c751e8b465ee728b)
Start importing Assets/StreetLightsPack/Models/StreetLights1/Textures/mat4.jpg using Guid(acce341228dfb874d81399226928d43e) Importer(815301076,1909f56bfc062723c751e8b465ee728b)  -> (artifact id: '4fbccbb7dbead7215d5415b9aab40601') in 0.016691 seconds 
  Import took 0.020438 seconds .

========================================================================
Received Import Request.
  Time since last request: 0.000184 seconds.
  path: Assets/StreetLightsPack/Models/StreetLights1/Textures/mat6.jpg
  artifactKey: Guid(e5920fb551abd8b488f4ca502b7bd5e5) Importer(815301076,1909f56bfc062723c751e8b465ee728b)
Start importing Assets/StreetLightsPack/Models/StreetLights1/Textures/mat6.jpg using Guid(e5920fb551abd8b488f4ca502b7bd5e5) Importer(815301076,1909f56bfc062723c751e8b465ee728b)  -> (artifact id: '3e8aade53fe804ce34e92bc1214a0763') in 0.023843 seconds 
  Import took 0.026609 seconds .

========================================================================
Received Import Request.
  Time since last request: 0.000271 seconds.
  path: Assets/StreetLightsPack/Models/StreetLights1/Textures/mat7.jpg
  artifactKey: Guid(7a040a9e05b236447a8539f24d5c6575) Importer(815301076,1909f56bfc062723c751e8b465ee728b)
Start importing Assets/StreetLightsPack/Models/StreetLights1/Textures/mat7.jpg using Guid(7a040a9e05b236447a8539f24d5c6575) Importer(815301076,1909f56bfc062723c751e8b465ee728b)  -> (artifact id: '67d644970bd36e3c2ead3a8efabd5e0b') in 0.032499 seconds 
  Import took 0.037688 seconds .

========================================================================
Received Import Request.
  Time since last request: 0.000155 seconds.
  path: Assets/StreetLightsPack/Models/StreetLights1/Textures/mat5.jpg
  artifactKey: Guid(0d1ea00a4a1e36143a8e04bf58ff54e8) Importer(815301076,1909f56bfc062723c751e8b465ee728b)
Start importing Assets/StreetLightsPack/Models/StreetLights1/Textures/mat5.jpg using Guid(0d1ea00a4a1e36143a8e04bf58ff54e8) Importer(815301076,1909f56bfc062723c751e8b465ee728b)  -> (artifact id: 'd8f3c745bfbe51351cf4cefa1291f69d') in 0.016606 seconds 
  Import took 0.019961 seconds .

========================================================================
Received Import Request.
  Time since last request: 0.000175 seconds.
  path: Assets/StreetLightsPack/Models/StreetLights1/Textures/mat3.jpg
  artifactKey: Guid(d0e55b8852d31eb4daa41529f332456e) Importer(815301076,1909f56bfc062723c751e8b465ee728b)
Start importing Assets/StreetLightsPack/Models/StreetLights1/Textures/mat3.jpg using Guid(d0e55b8852d31eb4daa41529f332456e) Importer(815301076,1909f56bfc062723c751e8b465ee728b)  -> (artifact id: 'e43b0610bd8a1e2c292ab361b0429416') in 0.015413 seconds 
  Import took 0.017869 seconds .

========================================================================
Received Import Request.
  Time since last request: 0.000044 seconds.
  path: Assets/StreetLightsPack/Models/StreetLights1/Textures/mat9.jpg
  artifactKey: Guid(aad605c7f6ff41741829936c16535dd1) Importer(815301076,1909f56bfc062723c751e8b465ee728b)
Start importing Assets/StreetLightsPack/Models/StreetLights1/Textures/mat9.jpg using Guid(aad605c7f6ff41741829936c16535dd1) Importer(815301076,1909f56bfc062723c751e8b465ee728b)  -> (artifact id: 'a48135afa79bdb5fd53907a52ad06505') in 0.015210 seconds 
  Import took 0.018930 seconds .

========================================================================
Received Import Request.
  Time since last request: 0.000220 seconds.
  path: Assets/StreetLightsPack/Models/StreetLights1/Textures/mat2.jpg
  artifactKey: Guid(40910db503bd7464cbc5ab2ba8d52363) Importer(815301076,1909f56bfc062723c751e8b465ee728b)
Start importing Assets/StreetLightsPack/Models/StreetLights1/Textures/mat2.jpg using Guid(40910db503bd7464cbc5ab2ba8d52363) Importer(815301076,1909f56bfc062723c751e8b465ee728b)  -> (artifact id: '078157e2a4d7bcb7872c06bfe69e1e3a') in 0.015839 seconds 
  Import took 0.019990 seconds .

========================================================================
Received Import Request.
  Time since last request: 0.000046 seconds.
  path: Assets/StreetLightsPack/Models/StreetLights1/Textures/mat8.jpg
  artifactKey: Guid(4b4b456ba0bd9204692bdfef81dac900) Importer(815301076,1909f56bfc062723c751e8b465ee728b)
Start importing Assets/StreetLightsPack/Models/StreetLights1/Textures/mat8.jpg using Guid(4b4b456ba0bd9204692bdfef81dac900) Importer(815301076,1909f56bfc062723c751e8b465ee728b)  -> (artifact id: '4f89718b33d5150f469eb465f11a2b68') in 0.018333 seconds 
  Import took 0.022954 seconds .

========================================================================
Received Prepare
Registering precompiled user dll's ...
Registered in 0.002976 seconds.
Begin MonoManager ReloadAssembly
Native extension for WindowsStandalone target not found
Refreshing native plugins compatible for Editor in 0.33 ms, found 2 plugins.
Preloading 0 native plugins for Editor in 0.00 ms.
Mono: successfully reloaded assembly
- Completed reload, in  0.917 seconds
Domain Reload Profiling:
	ReloadAssembly (917ms)
		BeginReloadAssembly (97ms)
			ExecutionOrderSort (0ms)
			DisableScriptedObjects (4ms)
			BackupInstance (0ms)
			ReleaseScriptingObjects (0ms)
			CreateAndSetChildDomain (31ms)
		EndReloadAssembly (763ms)
			LoadAssemblies (84ms)
			RebuildTransferFunctionScriptingTraits (0ms)
			SetupTypeCache (259ms)
			ReleaseScriptCaches (1ms)
			RebuildScriptCaches (38ms)
			SetupLoadedEditorAssemblies (287ms)
				LogAssemblyErrors (0ms)
				InitializePlatformSupportModulesInManaged (5ms)
				SetLoadedEditorAssemblies (0ms)
				RefreshPlugins (0ms)
				BeforeProcessingInitializeOnLoad (70ms)
				ProcessInitializeOnLoadAttributes (202ms)
				ProcessInitializeOnLoadMethodAttributes (4ms)
				AfterProcessingInitializeOnLoad (6ms)
				EditorAssembliesLoaded (0ms)
			ExecutionOrderSort2 (0ms)
			AwakeInstancesAfterBackupRestoration (7ms)
Platform modules already initialized, skipping
Refreshing native plugins compatible for Editor in 0.33 ms, found 2 plugins.
Preloading 0 native plugins for Editor in 0.00 ms.
Unloading 1547 Unused Serialized files (Serialized files now loaded: 0)
System memory in use before: 89.7 MB.
System memory in use after: 89.8 MB.

Unloading 12 unused Assets to reduce memory usage. Loaded Objects now: 2060.
Total: 2.627416 ms (FindLiveObjects: 0.197974 ms CreateObjectMapping: 0.085049 ms MarkObjects: 2.328180 ms  DeleteObjects: 0.014791 ms)

AssetImportParameters requested are different than current active one (requested -> active):
  custom:framework-win-MediaFoundation: 216162199b28c13a410421893ffa2e32 -> 
  custom:video-decoder-ogg-theora: a1e56fd34408186e4bbccfd4996cb3dc -> 
  custom:container-muxer-webm: aa71ff27fc2769a1b78a27578f13a17b -> 
  custom:container-demuxer-webm: 4f35f7cbe854078d1ac9338744f61a02 -> 
  custom:container-demuxer-ogg: 62fdf1f143b41e24485cea50d1cbac27 -> 
  custom:video-encoder-webm-vp8: eb34c28f22e8b96e1ab97ce403110664 -> 
  custom:video-codec-MediaFoundation-h265: 55f8c8538cf0483ab7069ead6b737db2 -> 
  custom:video-decoder-webm-vp8: 9c59270c3fd7afecdb556c50c9e8de78 -> 
  custom:audio-decoder-ogg-vorbis: bf7c407c2cedff20999df2af8eb42d56 -> 
  custom:audio-encoder-webm-vorbis: bf7c407c2cedff20999df2af8eb42d56 -> 
========================================================================
Received Prepare
Registering precompiled user dll's ...
Registered in 0.002214 seconds.
Begin MonoManager ReloadAssembly
Native extension for WindowsStandalone target not found
Refreshing native plugins compatible for Editor in 0.43 ms, found 2 plugins.
Preloading 0 native plugins for Editor in 0.00 ms.
Mono: successfully reloaded assembly
- Completed reload, in  0.912 seconds
Domain Reload Profiling:
	ReloadAssembly (913ms)
		BeginReloadAssembly (94ms)
			ExecutionOrderSort (0ms)
			DisableScriptedObjects (4ms)
			BackupInstance (0ms)
			ReleaseScriptingObjects (0ms)
			CreateAndSetChildDomain (28ms)
		EndReloadAssembly (755ms)
			LoadAssemblies (82ms)
			RebuildTransferFunctionScriptingTraits (0ms)
			SetupTypeCache (256ms)
			ReleaseScriptCaches (1ms)
			RebuildScriptCaches (39ms)
			SetupLoadedEditorAssemblies (282ms)
				LogAssemblyErrors (0ms)
				InitializePlatformSupportModulesInManaged (5ms)
				SetLoadedEditorAssemblies (0ms)
				RefreshPlugins (0ms)
				BeforeProcessingInitializeOnLoad (69ms)
				ProcessInitializeOnLoadAttributes (198ms)
				ProcessInitializeOnLoadMethodAttributes (4ms)
				AfterProcessingInitializeOnLoad (5ms)
				EditorAssembliesLoaded (0ms)
			ExecutionOrderSort2 (0ms)
			AwakeInstancesAfterBackupRestoration (6ms)
Platform modules already initialized, skipping
Refreshing native plugins compatible for Editor in 0.37 ms, found 2 plugins.
Preloading 0 native plugins for Editor in 0.00 ms.
Unloading 1547 Unused Serialized files (Serialized files now loaded: 0)
System memory in use before: 89.7 MB.
System memory in use after: 89.8 MB.

Unloading 12 unused Assets to reduce memory usage. Loaded Objects now: 2062.
Total: 2.847860 ms (FindLiveObjects: 0.147342 ms CreateObjectMapping: 0.048640 ms MarkObjects: 2.628838 ms  DeleteObjects: 0.021333 ms)

AssetImportParameters requested are different than current active one (requested -> active):
  custom:framework-win-MediaFoundation: 216162199b28c13a410421893ffa2e32 -> 
  custom:video-decoder-ogg-theora: a1e56fd34408186e4bbccfd4996cb3dc -> 
  custom:container-muxer-webm: aa71ff27fc2769a1b78a27578f13a17b -> 
  custom:container-demuxer-webm: 4f35f7cbe854078d1ac9338744f61a02 -> 
  custom:container-demuxer-ogg: 62fdf1f143b41e24485cea50d1cbac27 -> 
  custom:video-encoder-webm-vp8: eb34c28f22e8b96e1ab97ce403110664 -> 
  custom:video-codec-MediaFoundation-h265: 55f8c8538cf0483ab7069ead6b737db2 -> 
  custom:video-decoder-webm-vp8: 9c59270c3fd7afecdb556c50c9e8de78 -> 
  custom:audio-decoder-ogg-vorbis: bf7c407c2cedff20999df2af8eb42d56 -> 
  custom:audio-encoder-webm-vorbis: bf7c407c2cedff20999df2af8eb42d56 -> 
========================================================================
Received Import Request.
  Time since last request: 1839.588666 seconds.
  path: Assets/Materials/Glass.mat
  artifactKey: Guid(56bff3853c73740da981a9b91fe146ab) Importer(815301076,1909f56bfc062723c751e8b465ee728b)
Start importing Assets/Materials/Glass.mat using Guid(56bff3853c73740da981a9b91fe146ab) Importer(815301076,1909f56bfc062723c751e8b465ee728b)  -> (artifact id: '2769433c6c44b0f672d1e95fff2ea13a') in 0.066187 seconds 
  Import took 0.069641 seconds .

========================================================================
Received Prepare
Registering precompiled user dll's ...
Registered in 0.002127 seconds.
Begin MonoManager ReloadAssembly
Native extension for WindowsStandalone target not found
Refreshing native plugins compatible for Editor in 0.31 ms, found 2 plugins.
Preloading 0 native plugins for Editor in 0.00 ms.
Mono: successfully reloaded assembly
- Completed reload, in  0.892 seconds
Domain Reload Profiling:
	ReloadAssembly (892ms)
		BeginReloadAssembly (98ms)
			ExecutionOrderSort (0ms)
			DisableScriptedObjects (4ms)
			BackupInstance (0ms)
			ReleaseScriptingObjects (0ms)
			CreateAndSetChildDomain (31ms)
		EndReloadAssembly (736ms)
			LoadAssemblies (81ms)
			RebuildTransferFunctionScriptingTraits (0ms)
			SetupTypeCache (254ms)
			ReleaseScriptCaches (1ms)
			RebuildScriptCaches (37ms)
			SetupLoadedEditorAssemblies (273ms)
				LogAssemblyErrors (0ms)
				InitializePlatformSupportModulesInManaged (5ms)
				SetLoadedEditorAssemblies (0ms)
				RefreshPlugins (0ms)
				BeforeProcessingInitializeOnLoad (66ms)
				ProcessInitializeOnLoadAttributes (192ms)
				ProcessInitializeOnLoadMethodAttributes (4ms)
				AfterProcessingInitializeOnLoad (5ms)
				EditorAssembliesLoaded (0ms)
			ExecutionOrderSort2 (0ms)
			AwakeInstancesAfterBackupRestoration (6ms)
Platform modules already initialized, skipping
Refreshing native plugins compatible for Editor in 0.33 ms, found 2 plugins.
Preloading 0 native plugins for Editor in 0.00 ms.
Unloading 1547 Unused Serialized files (Serialized files now loaded: 0)
System memory in use before: 89.7 MB.
System memory in use after: 89.8 MB.

Unloading 12 unused Assets to reduce memory usage. Loaded Objects now: 2065.
Total: 2.964198 ms (FindLiveObjects: 0.213049 ms CreateObjectMapping: 0.076516 ms MarkObjects: 2.653300 ms  DeleteObjects: 0.019627 ms)

AssetImportParameters requested are different than current active one (requested -> active):
  custom:framework-win-MediaFoundation: 216162199b28c13a410421893ffa2e32 -> 
  custom:video-decoder-ogg-theora: a1e56fd34408186e4bbccfd4996cb3dc -> 
  custom:container-muxer-webm: aa71ff27fc2769a1b78a27578f13a17b -> 
  custom:container-demuxer-webm: 4f35f7cbe854078d1ac9338744f61a02 -> 
  custom:container-demuxer-ogg: 62fdf1f143b41e24485cea50d1cbac27 -> 
  custom:video-encoder-webm-vp8: eb34c28f22e8b96e1ab97ce403110664 -> 
  custom:video-codec-MediaFoundation-h265: 55f8c8538cf0483ab7069ead6b737db2 -> 
  custom:video-decoder-webm-vp8: 9c59270c3fd7afecdb556c50c9e8de78 -> 
  custom:audio-decoder-ogg-vorbis: bf7c407c2cedff20999df2af8eb42d56 -> 
  custom:audio-encoder-webm-vorbis: bf7c407c2cedff20999df2af8eb42d56 -> 
========================================================================
Received Import Request.
  Time since last request: 335.097367 seconds.
  path: Assets/Zombie/Animations/Z_FallingBack.anim
  artifactKey: Guid(812aae90a9297f249908057eed4c0879) Importer(815301076,1909f56bfc062723c751e8b465ee728b)
Start importing Assets/Zombie/Animations/Z_FallingBack.anim using Guid(812aae90a9297f249908057eed4c0879) Importer(815301076,1909f56bfc062723c751e8b465ee728b)  -> (artifact id: '6ba9c9b37fec257db79a3e3121162a6a') in 0.034842 seconds 
  Import took 0.038063 seconds .

========================================================================
Received Import Request.
  Time since last request: 12.518245 seconds.
  path: Assets/Zombie/Animations/Z_Attack.anim
  artifactKey: Guid(de559bbb071ebfd40ab5af80881e75e8) Importer(815301076,1909f56bfc062723c751e8b465ee728b)
Start importing Assets/Zombie/Animations/Z_Attack.anim using Guid(de559bbb071ebfd40ab5af80881e75e8) Importer(815301076,1909f56bfc062723c751e8b465ee728b)  -> (artifact id: '60972fd6882db13e83110f2dfcf8eef6') in 0.011603 seconds 
  Import took 0.014223 seconds .

========================================================================
Received Import Request.
  Time since last request: 11.914630 seconds.
  path: Assets/Zombie/Animations/Z_FallingForward.anim
  artifactKey: Guid(e44a892308e84194f9f7a5817a6285d7) Importer(815301076,1909f56bfc062723c751e8b465ee728b)
Start importing Assets/Zombie/Animations/Z_FallingForward.anim using Guid(e44a892308e84194f9f7a5817a6285d7) Importer(815301076,1909f56bfc062723c751e8b465ee728b)  -> (artifact id: '92ad7f4cd303139a460f85d2c953746c') in 0.018866 seconds 
  Import took 0.022238 seconds .

========================================================================
Received Import Request.
  Time since last request: 5.685393 seconds.
  path: Assets/Zombie/Animations/Z_Idle.anim
  artifactKey: Guid(23ee7f6864c52b243bfb4f2da09bc287) Importer(815301076,1909f56bfc062723c751e8b465ee728b)
Start importing Assets/Zombie/Animations/Z_Idle.anim using Guid(23ee7f6864c52b243bfb4f2da09bc287) Importer(815301076,1909f56bfc062723c751e8b465ee728b)  -> (artifact id: '05d5f8bfb69bc0b1cd62454622a19254') in 0.013145 seconds 
  Import took 0.015845 seconds .

========================================================================
Received Import Request.
  Time since last request: 7.748437 seconds.
  path: Assets/Zombie/Animations/Z_Run.anim
  artifactKey: Guid(922934026949958468099adf2c5acaa6) Importer(815301076,1909f56bfc062723c751e8b465ee728b)
Start importing Assets/Zombie/Animations/Z_Run.anim using Guid(922934026949958468099adf2c5acaa6) Importer(815301076,1909f56bfc062723c751e8b465ee728b)  -> (artifact id: 'ba9cf61aacdebf88048e9a8829858dbf') in 0.016403 seconds 
  Import took 0.018925 seconds .

========================================================================
Received Import Request.
  Time since last request: 6.313391 seconds.
  path: Assets/Zombie/Animations/Z_Run_InPlace.anim
  artifactKey: Guid(fc9a62f9b1354f342bacfbbe077c503e) Importer(815301076,1909f56bfc062723c751e8b465ee728b)
Start importing Assets/Zombie/Animations/Z_Run_InPlace.anim using Guid(fc9a62f9b1354f342bacfbbe077c503e) Importer(815301076,1909f56bfc062723c751e8b465ee728b)  -> (artifact id: '0a54358168e7568f1359d9246f1fae06') in 0.016733 seconds 
  Import took 0.019366 seconds .

========================================================================
Received Import Request.
  Time since last request: 10.351881 seconds.
  path: Assets/Zombie/Animations/Z_Walk.anim
  artifactKey: Guid(77c3de37a980599489d5f7f009c186fd) Importer(815301076,1909f56bfc062723c751e8b465ee728b)
Start importing Assets/Zombie/Animations/Z_Walk.anim using Guid(77c3de37a980599489d5f7f009c186fd) Importer(815301076,1909f56bfc062723c751e8b465ee728b)  -> (artifact id: '5dd696a4e2faf52927c1a1f8d4daf47d') in 0.012838 seconds 
  Import took 0.015575 seconds .

========================================================================
Received Import Request.
  Time since last request: 11.263896 seconds.
  path: Assets/Zombie/Animations/Z_Walk1.anim
  artifactKey: Guid(2695de705873c1f44ac4a4341c85c8a4) Importer(815301076,1909f56bfc062723c751e8b465ee728b)
Start importing Assets/Zombie/Animations/Z_Walk1.anim using Guid(2695de705873c1f44ac4a4341c85c8a4) Importer(815301076,1909f56bfc062723c751e8b465ee728b)  -> (artifact id: '78df3deaf834ecff167e7a2b4bd45b5a') in 0.012317 seconds 
  Import took 0.015012 seconds .

========================================================================
Received Import Request.
  Time since last request: 4.023646 seconds.
  path: Assets/Zombie/Animations/Z_Walk1_InPlace.anim
  artifactKey: Guid(a0389bcc17a6335409898ddb374c1570) Importer(815301076,1909f56bfc062723c751e8b465ee728b)
Start importing Assets/Zombie/Animations/Z_Walk1_InPlace.anim using Guid(a0389bcc17a6335409898ddb374c1570) Importer(815301076,1909f56bfc062723c751e8b465ee728b)  -> (artifact id: '1e9409ed60af888727e2aefdbe0d0b6f') in 0.012468 seconds 
  Import took 0.015253 seconds .

========================================================================
Received Import Request.
  Time since last request: 8.832612 seconds.
  path: Assets/Zombie/Animations/Z_Walk_InPlace.anim
  artifactKey: Guid(37e6af8636979e04086967e3bd667606) Importer(815301076,1909f56bfc062723c751e8b465ee728b)
Start importing Assets/Zombie/Animations/Z_Walk_InPlace.anim using Guid(37e6af8636979e04086967e3bd667606) Importer(815301076,1909f56bfc062723c751e8b465ee728b)  -> (artifact id: 'bf8868414350398365bf44c2a4b56b6c') in 0.012438 seconds 
  Import took 0.015233 seconds .

========================================================================
Received Import Request.
  Time since last request: 7.168350 seconds.
  path: Assets/Zombie/Animations/Zombie.controller
  artifactKey: Guid(2ef8e6599b7f9934e8ff0d64c5325a1f) Importer(815301076,1909f56bfc062723c751e8b465ee728b)
Start importing Assets/Zombie/Animations/Zombie.controller using Guid(2ef8e6599b7f9934e8ff0d64c5325a1f) Importer(815301076,1909f56bfc062723c751e8b465ee728b)  -> (artifact id: '8599943c63882d362ef1e505936f5f96') in 0.063337 seconds 
  Import took 0.066238 seconds .

========================================================================
Received Prepare
Registering precompiled user dll's ...
Registered in 0.002126 seconds.
Begin MonoManager ReloadAssembly
Native extension for WindowsStandalone target not found
Refreshing native plugins compatible for Editor in 0.36 ms, found 2 plugins.
Preloading 0 native plugins for Editor in 0.00 ms.
Mono: successfully reloaded assembly
- Completed reload, in  0.875 seconds
Domain Reload Profiling:
	ReloadAssembly (875ms)
		BeginReloadAssembly (96ms)
			ExecutionOrderSort (0ms)
			DisableScriptedObjects (4ms)
			BackupInstance (0ms)
			ReleaseScriptingObjects (0ms)
			CreateAndSetChildDomain (31ms)
		EndReloadAssembly (723ms)
			LoadAssemblies (81ms)
			RebuildTransferFunctionScriptingTraits (0ms)
			SetupTypeCache (246ms)
			ReleaseScriptCaches (1ms)
			RebuildScriptCaches (37ms)
			SetupLoadedEditorAssemblies (269ms)
				LogAssemblyErrors (0ms)
				InitializePlatformSupportModulesInManaged (4ms)
				SetLoadedEditorAssemblies (0ms)
				RefreshPlugins (0ms)
				BeforeProcessingInitializeOnLoad (66ms)
				ProcessInitializeOnLoadAttributes (188ms)
				ProcessInitializeOnLoadMethodAttributes (4ms)
				AfterProcessingInitializeOnLoad (5ms)
				EditorAssembliesLoaded (0ms)
			ExecutionOrderSort2 (0ms)
			AwakeInstancesAfterBackupRestoration (6ms)
Platform modules already initialized, skipping
Refreshing native plugins compatible for Editor in 0.36 ms, found 2 plugins.
Preloading 0 native plugins for Editor in 0.00 ms.
Unloading 1547 Unused Serialized files (Serialized files now loaded: 0)
System memory in use before: 89.8 MB.
System memory in use after: 89.9 MB.

Unloading 12 unused Assets to reduce memory usage. Loaded Objects now: 2067.
Total: 2.567682 ms (FindLiveObjects: 0.153031 ms CreateObjectMapping: 0.052622 ms MarkObjects: 2.345815 ms  DeleteObjects: 0.014791 ms)

AssetImportParameters requested are different than current active one (requested -> active):
  custom:framework-win-MediaFoundation: 216162199b28c13a410421893ffa2e32 -> 
  custom:video-decoder-ogg-theora: a1e56fd34408186e4bbccfd4996cb3dc -> 
  custom:container-muxer-webm: aa71ff27fc2769a1b78a27578f13a17b -> 
  custom:container-demuxer-webm: 4f35f7cbe854078d1ac9338744f61a02 -> 
  custom:container-demuxer-ogg: 62fdf1f143b41e24485cea50d1cbac27 -> 
  custom:video-encoder-webm-vp8: eb34c28f22e8b96e1ab97ce403110664 -> 
  custom:video-codec-MediaFoundation-h265: 55f8c8538cf0483ab7069ead6b737db2 -> 
  custom:video-decoder-webm-vp8: 9c59270c3fd7afecdb556c50c9e8de78 -> 
  custom:audio-decoder-ogg-vorbis: bf7c407c2cedff20999df2af8eb42d56 -> 
  custom:audio-encoder-webm-vorbis: bf7c407c2cedff20999df2af8eb42d56 -> 
========================================================================
Received Import Request.
  Time since last request: 451.096502 seconds.
  path: Assets/Textures/TexturesCom_BrickLargeBlocks0023_1_seamless_S.jpg
  artifactKey: Guid(b6c805c94202b4d149c93492f5313a10) Importer(815301076,1909f56bfc062723c751e8b465ee728b)
Start importing Assets/Textures/TexturesCom_BrickLargeBlocks0023_1_seamless_S.jpg using Guid(b6c805c94202b4d149c93492f5313a10) Importer(815301076,1909f56bfc062723c751e8b465ee728b)  -> (artifact id: 'e2d0feefd05f2780cb5b83768a5bf20f') in 0.048893 seconds 
  Import took 0.051865 seconds .

========================================================================
Received Prepare
Registering precompiled user dll's ...
Registered in 0.002247 seconds.
Begin MonoManager ReloadAssembly
Native extension for WindowsStandalone target not found
Refreshing native plugins compatible for Editor in 0.31 ms, found 2 plugins.
Preloading 0 native plugins for Editor in 0.00 ms.
Mono: successfully reloaded assembly
- Completed reload, in  0.877 seconds
Domain Reload Profiling:
	ReloadAssembly (877ms)
		BeginReloadAssembly (92ms)
			ExecutionOrderSort (0ms)
			DisableScriptedObjects (4ms)
			BackupInstance (0ms)
			ReleaseScriptingObjects (0ms)
			CreateAndSetChildDomain (28ms)
		EndReloadAssembly (730ms)
			LoadAssemblies (78ms)
			RebuildTransferFunctionScriptingTraits (0ms)
			SetupTypeCache (247ms)
			ReleaseScriptCaches (1ms)
			RebuildScriptCaches (39ms)
			SetupLoadedEditorAssemblies (274ms)
				LogAssemblyErrors (0ms)
				InitializePlatformSupportModulesInManaged (5ms)
				SetLoadedEditorAssemblies (0ms)
				RefreshPlugins (0ms)
				BeforeProcessingInitializeOnLoad (68ms)
				ProcessInitializeOnLoadAttributes (192ms)
				ProcessInitializeOnLoadMethodAttributes (4ms)
				AfterProcessingInitializeOnLoad (6ms)
				EditorAssembliesLoaded (0ms)
			ExecutionOrderSort2 (0ms)
			AwakeInstancesAfterBackupRestoration (6ms)
Platform modules already initialized, skipping
Refreshing native plugins compatible for Editor in 0.39 ms, found 2 plugins.
Preloading 0 native plugins for Editor in 0.00 ms.
Unloading 1547 Unused Serialized files (Serialized files now loaded: 0)
System memory in use before: 89.8 MB.
System memory in use after: 89.9 MB.

Unloading 12 unused Assets to reduce memory usage. Loaded Objects now: 2071.
Total: 3.033318 ms (FindLiveObjects: 0.137956 ms CreateObjectMapping: 0.042382 ms MarkObjects: 2.829087 ms  DeleteObjects: 0.022471 ms)

AssetImportParameters requested are different than current active one (requested -> active):
  custom:framework-win-MediaFoundation: 216162199b28c13a410421893ffa2e32 -> 
  custom:video-decoder-ogg-theora: a1e56fd34408186e4bbccfd4996cb3dc -> 
  custom:container-muxer-webm: aa71ff27fc2769a1b78a27578f13a17b -> 
  custom:container-demuxer-webm: 4f35f7cbe854078d1ac9338744f61a02 -> 
  custom:container-demuxer-ogg: 62fdf1f143b41e24485cea50d1cbac27 -> 
  custom:video-encoder-webm-vp8: eb34c28f22e8b96e1ab97ce403110664 -> 
  custom:video-codec-MediaFoundation-h265: 55f8c8538cf0483ab7069ead6b737db2 -> 
  custom:video-decoder-webm-vp8: 9c59270c3fd7afecdb556c50c9e8de78 -> 
  custom:audio-decoder-ogg-vorbis: bf7c407c2cedff20999df2af8eb42d56 -> 
  custom:audio-encoder-webm-vorbis: bf7c407c2cedff20999df2af8eb42d56 -> 
========================================================================
Received Prepare
Registering precompiled user dll's ...
Registered in 0.002912 seconds.
Begin MonoManager ReloadAssembly
Native extension for WindowsStandalone target not found
Refreshing native plugins compatible for Editor in 0.46 ms, found 2 plugins.
Preloading 0 native plugins for Editor in 0.00 ms.
Mono: successfully reloaded assembly
- Completed reload, in  0.960 seconds
Domain Reload Profiling:
	ReloadAssembly (960ms)
		BeginReloadAssembly (95ms)
			ExecutionOrderSort (0ms)
			DisableScriptedObjects (5ms)
			BackupInstance (0ms)
			ReleaseScriptingObjects (0ms)
			CreateAndSetChildDomain (27ms)
		EndReloadAssembly (802ms)
			LoadAssemblies (81ms)
			RebuildTransferFunctionScriptingTraits (0ms)
			SetupTypeCache (258ms)
			ReleaseScriptCaches (1ms)
			RebuildScriptCaches (38ms)
			SetupLoadedEditorAssemblies (284ms)
				LogAssemblyErrors (0ms)
				InitializePlatformSupportModulesInManaged (5ms)
				SetLoadedEditorAssemblies (1ms)
				RefreshPlugins (1ms)
				BeforeProcessingInitializeOnLoad (70ms)
				ProcessInitializeOnLoadAttributes (197ms)
				ProcessInitializeOnLoadMethodAttributes (4ms)
				AfterProcessingInitializeOnLoad (5ms)
				EditorAssembliesLoaded (0ms)
			ExecutionOrderSort2 (0ms)
			AwakeInstancesAfterBackupRestoration (6ms)
Platform modules already initialized, skipping
Refreshing native plugins compatible for Editor in 0.34 ms, found 2 plugins.
Preloading 0 native plugins for Editor in 0.00 ms.
Unloading 1547 Unused Serialized files (Serialized files now loaded: 0)
System memory in use before: 89.8 MB.
System memory in use after: 89.9 MB.

Unloading 12 unused Assets to reduce memory usage. Loaded Objects now: 2073.
Total: 2.785282 ms (FindLiveObjects: 0.154169 ms CreateObjectMapping: 0.050347 ms MarkObjects: 2.563700 ms  DeleteObjects: 0.015929 ms)

AssetImportParameters requested are different than current active one (requested -> active):
  custom:framework-win-MediaFoundation: 216162199b28c13a410421893ffa2e32 -> 
  custom:video-decoder-ogg-theora: a1e56fd34408186e4bbccfd4996cb3dc -> 
  custom:container-muxer-webm: aa71ff27fc2769a1b78a27578f13a17b -> 
  custom:container-demuxer-webm: 4f35f7cbe854078d1ac9338744f61a02 -> 
  custom:container-demuxer-ogg: 62fdf1f143b41e24485cea50d1cbac27 -> 
  custom:video-encoder-webm-vp8: eb34c28f22e8b96e1ab97ce403110664 -> 
  custom:video-codec-MediaFoundation-h265: 55f8c8538cf0483ab7069ead6b737db2 -> 
  custom:video-decoder-webm-vp8: 9c59270c3fd7afecdb556c50c9e8de78 -> 
  custom:audio-decoder-ogg-vorbis: bf7c407c2cedff20999df2af8eb42d56 -> 
  custom:audio-encoder-webm-vorbis: bf7c407c2cedff20999df2af8eb42d56 -> 
========================================================================
Received Prepare
Registering precompiled user dll's ...
Registered in 0.002395 seconds.
Begin MonoManager ReloadAssembly
Native extension for WindowsStandalone target not found
Refreshing native plugins compatible for Editor in 0.32 ms, found 2 plugins.
Preloading 0 native plugins for Editor in 0.00 ms.
Mono: successfully reloaded assembly
- Completed reload, in  0.866 seconds
Domain Reload Profiling:
	ReloadAssembly (866ms)
		BeginReloadAssembly (90ms)
			ExecutionOrderSort (0ms)
			DisableScriptedObjects (4ms)
			BackupInstance (0ms)
			ReleaseScriptingObjects (0ms)
			CreateAndSetChildDomain (26ms)
		EndReloadAssembly (721ms)
			LoadAssemblies (77ms)
			RebuildTransferFunctionScriptingTraits (0ms)
			SetupTypeCache (246ms)
			ReleaseScriptCaches (1ms)
			RebuildScriptCaches (38ms)
			SetupLoadedEditorAssemblies (269ms)
				LogAssemblyErrors (0ms)
				InitializePlatformSupportModulesInManaged (4ms)
				SetLoadedEditorAssemblies (0ms)
				RefreshPlugins (0ms)
				BeforeProcessingInitializeOnLoad (65ms)
				ProcessInitializeOnLoadAttributes (189ms)
				ProcessInitializeOnLoadMethodAttributes (4ms)
				AfterProcessingInitializeOnLoad (5ms)
				EditorAssembliesLoaded (0ms)
			ExecutionOrderSort2 (0ms)
			AwakeInstancesAfterBackupRestoration (6ms)
Platform modules already initialized, skipping
Refreshing native plugins compatible for Editor in 0.31 ms, found 2 plugins.
Preloading 0 native plugins for Editor in 0.00 ms.
Unloading 1547 Unused Serialized files (Serialized files now loaded: 0)
System memory in use before: 89.8 MB.
System memory in use after: 89.9 MB.

Unloading 12 unused Assets to reduce memory usage. Loaded Objects now: 2075.
Total: 2.499415 ms (FindLiveObjects: 0.162133 ms CreateObjectMapping: 0.051200 ms MarkObjects: 2.270722 ms  DeleteObjects: 0.013653 ms)

AssetImportParameters requested are different than current active one (requested -> active):
  custom:framework-win-MediaFoundation: 216162199b28c13a410421893ffa2e32 -> 
  custom:video-decoder-ogg-theora: a1e56fd34408186e4bbccfd4996cb3dc -> 
  custom:container-muxer-webm: aa71ff27fc2769a1b78a27578f13a17b -> 
  custom:container-demuxer-webm: 4f35f7cbe854078d1ac9338744f61a02 -> 
  custom:container-demuxer-ogg: 62fdf1f143b41e24485cea50d1cbac27 -> 
  custom:video-encoder-webm-vp8: eb34c28f22e8b96e1ab97ce403110664 -> 
  custom:video-codec-MediaFoundation-h265: 55f8c8538cf0483ab7069ead6b737db2 -> 
  custom:video-decoder-webm-vp8: 9c59270c3fd7afecdb556c50c9e8de78 -> 
  custom:audio-decoder-ogg-vorbis: bf7c407c2cedff20999df2af8eb42d56 -> 
  custom:audio-encoder-webm-vorbis: bf7c407c2cedff20999df2af8eb42d56 -> 
========================================================================
Received Import Request.
  Time since last request: 430.342357 seconds.
  path: Assets/Materials/TexturesCom_ConcreteNew0050_4_S.mat
  artifactKey: Guid(4d60a66c273fccb43a4343478dfa97be) Importer(815301076,1909f56bfc062723c751e8b465ee728b)
Start importing Assets/Materials/TexturesCom_ConcreteNew0050_4_S.mat using Guid(4d60a66c273fccb43a4343478dfa97be) Importer(815301076,1909f56bfc062723c751e8b465ee728b)  -> (artifact id: 'b92f1b92ebe2b031ea45b666d87d92dd') in 0.063991 seconds 
  Import took 0.066506 seconds .

========================================================================
Received Import Request.
  Time since last request: 57.985306 seconds.
  path: Assets/Materials
  artifactKey: Guid(b3b7e01d971a5794b8c83fa2a15edc8a) Importer(815301076,1909f56bfc062723c751e8b465ee728b)
Start importing Assets/Materials using Guid(b3b7e01d971a5794b8c83fa2a15edc8a) Importer(815301076,1909f56bfc062723c751e8b465ee728b)  -> (artifact id: '2f2ff8aebbd58ca7a344da8d183248ba') in 0.001777 seconds 
  Import took 0.005208 seconds .

AssetImportWorkerClient::OnTransportError - code=2 error=End of file
