Using pre-set license
Built from '2020.3/staging' branch; Version is '2020.3.19f1 (68f137dc9bbe) revision 6877495'; Using compiler version '192528614'; Build Type 'Release'
OS: 'Windows 10 Enterprise 2016 LTSB; OS build 14393.4704; Version 1607; 64bit' Language: 'es' Physical Memory: 16304 MB
BatchMode: 1, IsHumanControllingUs: 0, StartBugReporterOnCrash: 0, Is64bit: 1, IsPro: 0

COMMAND LINE ARGUMENTS:
C:\Program Files\Unity\Hub\Editor\2020.3.19f1\Editor\Unity.exe
-adb2
-batchMode
-noUpm
-name
AssetImportWorker0
-projectPath
D:/OCMIR/Proyecto FInal/Vectores_Ocmir_Salgado/Vectores
-logFile
Logs/AssetImportWorker0.log
-srvPort
58268
Successfully changed project path to: D:/OCMIR/Proyecto FInal/Vectores_Ocmir_Salgado/Vectores
D:/OCMIR/Proyecto FInal/Vectores_Ocmir_Salgado/Vectores
Using Asset Import Pipeline V2.
Refreshing native plugins compatible for Editor in 31.53 ms, found 2 plugins.
Preloading 0 native plugins for Editor in 0.00 ms.
Initialize engine version: 2020.3.19f1 (68f137dc9bbe)
[Subsystems] Discovering subsystems at path C:/Program Files/Unity/Hub/Editor/2020.3.19f1/Editor/Data/Resources/UnitySubsystems
[Subsystems] Discovering subsystems at path D:/OCMIR/Proyecto FInal/Vectores_Ocmir_Salgado/Vectores/Assets
GfxDevice: creating device client; threaded=0
Direct3D:
    Version:  Direct3D 11.0 [level 11.1]
    Renderer: NVIDIA GeForce GTX 1050 (ID=0x1c81)
    Vendor:   
    VRAM:     1977 MB
    Driver:   23.21.13.9135
Initialize mono
Mono path[0] = 'C:/Program Files/Unity/Hub/Editor/2020.3.19f1/Editor/Data/Managed'
Mono path[1] = 'C:/Program Files/Unity/Hub/Editor/2020.3.19f1/Editor/Data/MonoBleedingEdge/lib/mono/unityjit'
Mono config path = 'C:/Program Files/Unity/Hub/Editor/2020.3.19f1/Editor/Data/MonoBleedingEdge/etc'
Using monoOptions --debugger-agent=transport=dt_socket,embedding=1,server=y,suspend=n,address=127.0.0.1:56064
Begin MonoManager ReloadAssembly
Registering precompiled unity dll's ...
Register platform support module: C:/Program Files/Unity/Hub/Editor/2020.3.19f1/Editor/Data/PlaybackEngines/WindowsStandaloneSupport/UnityEditor.WindowsStandalone.Extensions.dll
Registered in 0.001519 seconds.
Native extension for WindowsStandalone target not found
Refreshing native plugins compatible for Editor in 31.14 ms, found 2 plugins.
Preloading 0 native plugins for Editor in 0.00 ms.
Mono: successfully reloaded assembly
- Completed reload, in  1.929 seconds
Domain Reload Profiling:
	ReloadAssembly (1929ms)
		BeginReloadAssembly (50ms)
			ExecutionOrderSort (0ms)
			DisableScriptedObjects (0ms)
			BackupInstance (0ms)
			ReleaseScriptingObjects (0ms)
			CreateAndSetChildDomain (1ms)
		EndReloadAssembly (399ms)
			LoadAssemblies (48ms)
			RebuildTransferFunctionScriptingTraits (0ms)
			SetupTypeCache (145ms)
			ReleaseScriptCaches (0ms)
			RebuildScriptCaches (29ms)
			SetupLoadedEditorAssemblies (157ms)
				LogAssemblyErrors (0ms)
				InitializePlatformSupportModulesInManaged (4ms)
				SetLoadedEditorAssemblies (0ms)
				RefreshPlugins (31ms)
				BeforeProcessingInitializeOnLoad (16ms)
				ProcessInitializeOnLoadAttributes (77ms)
				ProcessInitializeOnLoadMethodAttributes (28ms)
				AfterProcessingInitializeOnLoad (0ms)
				EditorAssembliesLoaded (0ms)
			ExecutionOrderSort2 (0ms)
			AwakeInstancesAfterBackupRestoration (0ms)
Platform modules already initialized, skipping
Registering precompiled user dll's ...
Registered in 0.002161 seconds.
Begin MonoManager ReloadAssembly
Native extension for WindowsStandalone target not found
Refreshing native plugins compatible for Editor in 0.31 ms, found 2 plugins.
Preloading 0 native plugins for Editor in 0.00 ms.
Mono: successfully reloaded assembly
- Completed reload, in  0.966 seconds
Domain Reload Profiling:
	ReloadAssembly (966ms)
		BeginReloadAssembly (135ms)
			ExecutionOrderSort (0ms)
			DisableScriptedObjects (4ms)
			BackupInstance (0ms)
			ReleaseScriptingObjects (0ms)
			CreateAndSetChildDomain (17ms)
		EndReloadAssembly (774ms)
			LoadAssemblies (80ms)
			RebuildTransferFunctionScriptingTraits (0ms)
			SetupTypeCache (258ms)
			ReleaseScriptCaches (0ms)
			RebuildScriptCaches (44ms)
			SetupLoadedEditorAssemblies (303ms)
				LogAssemblyErrors (0ms)
				InitializePlatformSupportModulesInManaged (5ms)
				SetLoadedEditorAssemblies (0ms)
				RefreshPlugins (0ms)
				BeforeProcessingInitializeOnLoad (72ms)
				ProcessInitializeOnLoadAttributes (215ms)
				ProcessInitializeOnLoadMethodAttributes (4ms)
				AfterProcessingInitializeOnLoad (5ms)
				EditorAssembliesLoaded (0ms)
			ExecutionOrderSort2 (0ms)
			AwakeInstancesAfterBackupRestoration (6ms)
Platform modules already initialized, skipping
========================================================================
Worker process is ready to serve import requests
Launched and connected shader compiler UnityShaderCompiler.exe after 0.06 seconds
Refreshing native plugins compatible for Editor in 0.31 ms, found 2 plugins.
Preloading 0 native plugins for Editor in 0.00 ms.
Unloading 1555 Unused Serialized files (Serialized files now loaded: 0)
System memory in use before: 72.8 MB.
System memory in use after: 72.9 MB.

Unloading 17 unused Assets to reduce memory usage. Loaded Objects now: 1995.
Total: 2.603807 ms (FindLiveObjects: 0.149902 ms CreateObjectMapping: 0.056036 ms MarkObjects: 2.325904 ms  DeleteObjects: 0.071111 ms)

AssetImportParameters requested are different than current active one (requested -> active):
  custom:framework-win-MediaFoundation: 216162199b28c13a410421893ffa2e32 -> 
  custom:video-decoder-ogg-theora: a1e56fd34408186e4bbccfd4996cb3dc -> 
  custom:container-muxer-webm: aa71ff27fc2769a1b78a27578f13a17b -> 
  custom:container-demuxer-webm: 4f35f7cbe854078d1ac9338744f61a02 -> 
  custom:container-demuxer-ogg: 62fdf1f143b41e24485cea50d1cbac27 -> 
  custom:video-encoder-webm-vp8: eb34c28f22e8b96e1ab97ce403110664 -> 
  custom:video-codec-MediaFoundation-h265: 55f8c8538cf0483ab7069ead6b737db2 -> 
  custom:video-decoder-webm-vp8: 9c59270c3fd7afecdb556c50c9e8de78 -> 
  custom:audio-decoder-ogg-vorbis: bf7c407c2cedff20999df2af8eb42d56 -> 
  custom:audio-encoder-webm-vorbis: bf7c407c2cedff20999df2af8eb42d56 -> 
========================================================================
Received Import Request.
  path: Assets/Scenes/Cameras.unity
  artifactKey: Guid(c5029a5b91fb4e74fa2ff1f79b4334db) Importer(815301076,1909f56bfc062723c751e8b465ee728b)
Start importing Assets/Scenes/Cameras.unity using Guid(c5029a5b91fb4e74fa2ff1f79b4334db) Importer(815301076,1909f56bfc062723c751e8b465ee728b)  -> (artifact id: 'aae531e6e74f62c1377db8dc8f56725d') in 0.016223 seconds 
  Import took 0.018549 seconds .

========================================================================
Received Import Request.
  Time since last request: 142.827012 seconds.
  path: Assets/Scenes/Cameras.scenetemplate
  artifactKey: Guid(4a1d39802e2074b459ba5a976019f0f9) Importer(815301076,1909f56bfc062723c751e8b465ee728b)
Start importing Assets/Scenes/Cameras.scenetemplate using Guid(4a1d39802e2074b459ba5a976019f0f9) Importer(815301076,1909f56bfc062723c751e8b465ee728b)  -> (artifact id: '5995b593ca81095913a07a51623ddadf') in 0.212960 seconds 
  Import took 0.218445 seconds .

========================================================================
Received Import Request.
  Time since last request: 5.722797 seconds.
  path: Assets/Scenes/Cameras.unity
  artifactKey: Guid(c5029a5b91fb4e74fa2ff1f79b4334db) Importer(815301076,1909f56bfc062723c751e8b465ee728b)
Start importing Assets/Scenes/Cameras.unity using Guid(c5029a5b91fb4e74fa2ff1f79b4334db) Importer(815301076,1909f56bfc062723c751e8b465ee728b)  -> (artifact id: '58dd15b091dec8caec59fa7fb67f5970') in 0.002696 seconds 
  Import took 0.005191 seconds .

========================================================================
Received Import Request.
  Time since last request: 103.018833 seconds.
  path: Assets/Scenes/Cameras 1.scenetemplate
  artifactKey: Guid(2f8793df90f2de0498112a5e2562147d) Importer(815301076,1909f56bfc062723c751e8b465ee728b)
Start importing Assets/Scenes/Cameras 1.scenetemplate using Guid(2f8793df90f2de0498112a5e2562147d) Importer(815301076,1909f56bfc062723c751e8b465ee728b)  -> (artifact id: '956e7541d4a496166c61f64967a602ee') in 0.147353 seconds 
  Import took 0.152756 seconds .

========================================================================
Received Import Request.
  Time since last request: 100.543687 seconds.
  path: Assets/Low Poly Guns/Scripts/GunView.cs
  artifactKey: Guid(cc74bb52495beed45aa2ab2ba4b460ae) Importer(815301076,1909f56bfc062723c751e8b465ee728b)
Start importing Assets/Low Poly Guns/Scripts/GunView.cs using Guid(cc74bb52495beed45aa2ab2ba4b460ae) Importer(815301076,1909f56bfc062723c751e8b465ee728b)  -> (artifact id: '1e53f4e62a2b227ba21574106fab449c') in 0.020861 seconds 
  Import took 0.024963 seconds .

========================================================================
Received Import Request.
  Time since last request: 0.141742 seconds.
  path: Assets/Low Poly Guns/Models/Guns/pistol2/pistol2_diffuse.png
  artifactKey: Guid(4bc3804b3d89750428df34b00abe88d4) Importer(815301076,1909f56bfc062723c751e8b465ee728b)
Start importing Assets/Low Poly Guns/Models/Guns/pistol2/pistol2_diffuse.png using Guid(4bc3804b3d89750428df34b00abe88d4) Importer(815301076,1909f56bfc062723c751e8b465ee728b)  -> (artifact id: '7792ff01a8d2e1abb060cde188556a28') in 0.042860 seconds 
  Import took 0.047090 seconds .

========================================================================
Received Import Request.
  Time since last request: 0.001806 seconds.
  path: Assets/Script/Enemy3.cs
  artifactKey: Guid(17fad68674ea3ac4fb4c538d21acc68e) Importer(815301076,1909f56bfc062723c751e8b465ee728b)
Start importing Assets/Script/Enemy3.cs using Guid(17fad68674ea3ac4fb4c538d21acc68e) Importer(815301076,1909f56bfc062723c751e8b465ee728b)  -> (artifact id: 'e3960ebd130afb0f71bff50c6b9f0fc1') in 0.008710 seconds 
  Import took 0.012376 seconds .

========================================================================
Received Import Request.
  Time since last request: 0.034530 seconds.
  path: Assets/Zombie/Animations/Zombie.controller
  artifactKey: Guid(2ef8e6599b7f9934e8ff0d64c5325a1f) Importer(815301076,1909f56bfc062723c751e8b465ee728b)
Start importing Assets/Zombie/Animations/Zombie.controller using Guid(2ef8e6599b7f9934e8ff0d64c5325a1f) Importer(815301076,1909f56bfc062723c751e8b465ee728b)  -> (artifact id: '468cbcb92a498c514782150604e68bfd') in 0.080731 seconds 
  Import took 0.085376 seconds .

========================================================================
Received Import Request.
  Time since last request: 0.061408 seconds.
  path: Assets/Script/BollController.cs
  artifactKey: Guid(ae5b105b626230144b1bd5012680f812) Importer(815301076,1909f56bfc062723c751e8b465ee728b)
Start importing Assets/Script/BollController.cs using Guid(ae5b105b626230144b1bd5012680f812) Importer(815301076,1909f56bfc062723c751e8b465ee728b)  -> (artifact id: '4ab7448a935fba480ebbee8c3898a974') in 0.008008 seconds 
  Import took 0.011420 seconds .

========================================================================
Received Import Request.
  Time since last request: 0.211717 seconds.
  path: Assets/Models/BasicMotionsDummyModel.fbx
  artifactKey: Guid(5917c0e93d180a842b61d1ebc62a195c) Importer(815301076,1909f56bfc062723c751e8b465ee728b)
Start importing Assets/Models/BasicMotionsDummyModel.fbx using Guid(5917c0e93d180a842b61d1ebc62a195c) Importer(815301076,1909f56bfc062723c751e8b465ee728b)  -> (artifact id: '7743487cc12ce4a3cd1e6ec7a76cf45a') in 0.147619 seconds 
  Import took 0.156024 seconds .

========================================================================
Received Import Request.
  Time since last request: 0.033944 seconds.
  path: Assets/Low Poly Guns/Models/Guns/pistol2/Materials/pistol2_diffuse.mat
  artifactKey: Guid(cc67089f199b8e04b9006b4ff9f86db4) Importer(815301076,1909f56bfc062723c751e8b465ee728b)
Start importing Assets/Low Poly Guns/Models/Guns/pistol2/Materials/pistol2_diffuse.mat using Guid(cc67089f199b8e04b9006b4ff9f86db4) Importer(815301076,1909f56bfc062723c751e8b465ee728b)  -> (artifact id: 'd1b3f580f07d36f8ce4e0bf94c8b771a') in 0.039417 seconds 
  Import took 0.041959 seconds .

========================================================================
Received Import Request.
  Time since last request: 0.104402 seconds.
  path: Assets/Models/Camera.fbx
  artifactKey: Guid(3bf5eaaf019184f93888511cab7bc810) Importer(815301076,1909f56bfc062723c751e8b465ee728b)
Start importing Assets/Models/Camera.fbx using Guid(3bf5eaaf019184f93888511cab7bc810) Importer(815301076,1909f56bfc062723c751e8b465ee728b)  -> (artifact id: '22bc359d09930ce7845a761e431521d3') in 0.105723 seconds 
  Import took 0.108308 seconds .

========================================================================
Received Import Request.
  Time since last request: 0.155618 seconds.
  path: Assets/Low Poly Guns/Scripts/GunsMenu.cs
  artifactKey: Guid(c859d416b6fab4749b7d8f1d9dc840eb) Importer(815301076,1909f56bfc062723c751e8b465ee728b)
Start importing Assets/Low Poly Guns/Scripts/GunsMenu.cs using Guid(c859d416b6fab4749b7d8f1d9dc840eb) Importer(815301076,1909f56bfc062723c751e8b465ee728b)  -> (artifact id: '209a1040c92490d8df5b8b20905908a7') in 0.004889 seconds 
  Import took 0.010809 seconds .

========================================================================
Received Import Request.
  Time since last request: 0.032653 seconds.
  path: Assets/Zombie/Prefabs/Zombie3.prefab
  artifactKey: Guid(06cb2b131fe009c47a523671a8fa9ed8) Importer(815301076,1909f56bfc062723c751e8b465ee728b)
Start importing Assets/Zombie/Prefabs/Zombie3.prefab using Guid(06cb2b131fe009c47a523671a8fa9ed8) Importer(815301076,1909f56bfc062723c751e8b465ee728b)  -> (artifact id: '350a041d97fba619f262f7d4ad58e963') in 0.072816 seconds 
  Import took 0.076602 seconds .

========================================================================
Received Import Request.
  Time since last request: 0.110441 seconds.
  path: Assets/Models/TV_2.fbx
  artifactKey: Guid(7b43c2fdb36884081b228729cf2140ca) Importer(815301076,1909f56bfc062723c751e8b465ee728b)
Start importing Assets/Models/TV_2.fbx using Guid(7b43c2fdb36884081b228729cf2140ca) Importer(815301076,1909f56bfc062723c751e8b465ee728b)  -> (artifact id: 'adbe0a65b760a3d42f1465968eb140cf') in 0.038995 seconds 
  Import took 0.041561 seconds .

========================================================================
Received Import Request.
  Time since last request: 0.017550 seconds.
  path: Assets/Script/Spawncontrol.cs
  artifactKey: Guid(a18661d470080304598adad7a121d8b4) Importer(815301076,1909f56bfc062723c751e8b465ee728b)
Start importing Assets/Script/Spawncontrol.cs using Guid(a18661d470080304598adad7a121d8b4) Importer(815301076,1909f56bfc062723c751e8b465ee728b)  -> (artifact id: '07041a71510ac90356c3a9c083302715') in 0.005230 seconds 
  Import took 0.007722 seconds .

========================================================================
Received Import Request.
  Time since last request: 0.084102 seconds.
  path: Assets/Script/GunControl.cs
  artifactKey: Guid(e88d21ce8a815d9448709eed7ae0997f) Importer(815301076,1909f56bfc062723c751e8b465ee728b)
Start importing Assets/Script/GunControl.cs using Guid(e88d21ce8a815d9448709eed7ae0997f) Importer(815301076,1909f56bfc062723c751e8b465ee728b)  -> (artifact id: '89091899f5bf87c13814892ed89cd9b6') in 0.005024 seconds 
  Import took 0.007514 seconds .

AssetImportWorkerClient::OnTransportError - code=2 error=End of file
